0001_0028_0005_0060_0060.jpg 1 28 5 60 60
0002_0031_0050_0041_0041.jpg 1 31 50 41 41
0003_0012_0026_0069_0069.jpg 1 12 26 69 69
0004_0037_0045_0028_0028.jpg 1 37 45 28 28
0005_0021_0048_0041_0041.jpg 1 21 48 41 41
0006_0008_0024_0045_0045.jpg 1 8 24 45 45
0007_0022_0041_0046_0046.jpg 1 22 41 46 46
0008_0017_0034_0052_0052.jpg 1 17 34 52 52
0009_0011_0038_0052_0052.jpg 1 11 38 52 52
0010_0024_0019_0055_0055.jpg 1 24 19 55 55
0011_0045_0007_0043_0043.jpg 1 45 7 43 43
0012_0035_0021_0034_0034.jpg 1 35 21 34 34
0013_0023_0020_0039_0039.jpg 1 23 20 39 39
0014_0031_0020_0041_0041.jpg 1 31 20 41 41
0015_0052_0019_0028_0028.jpg 1 52 19 28 28
0016_0047_0008_0043_0043.jpg 1 47 8 43 43
0017_0026_0006_0051_0051.jpg 1 26 6 51 51
0018_0015_0016_0065_0065.jpg 1 15 16 65 65
0019_0020_0022_0040_0040.jpg 1 20 22 40 40
0020_0007_0015_0069_0069.jpg 1 7 15 69 69
0021_0043_0020_0036_0036.jpg 1 43 20 36 36
0022_0021_0016_0065_0065.jpg 1 21 16 65 65
0023_0025_0037_0055_0055.jpg 1 25 37 55 55
0024_0022_0048_0037_0037.jpg 1 22 48 37 37
0025_0041_0038_0046_0046.jpg 1 41 38 46 46
0026_0016_0017_0068_0068.jpg 1 16 17 68 68
0027_0046_0036_0026_0026.jpg 1 46 36 26 26
0028_0012_0037_0052_0052.jpg 1 12 37 52 52
0029_0029_0032_0062_0062.jpg 1 29 32 62 62
0030_0020_0043_0049_0049.jpg 1 20 43 49 49
0031_0021_0035_0028_0028.jpg 1 21 35 28 28
0032_0012_0043_0029_0029.jpg 1 12 43 29 29
0033_0018_0004_0069_0069.jpg 1 18 4 69 69
0034_0034_0018_0058_0058.jpg 1 34 18 58 58
0035_0027_0013_0060_0060.jpg 1 27 13 60 60
0036_0056_0043_0024_0024.jpg 1 56 43 24 24
0037_0034_0035_0049_0049.jpg 1 34 35 49 49
0038_0026_0016_0049_0049.jpg 1 26 16 49 49
0039_0019_0009_0053_0053.jpg 1 19 9 53 53
0040_0032_0057_0035_0035.jpg 1 32 57 35 35
0041_0026_0010_0066_0066.jpg 1 26 10 66 66
0042_0033_0049_0035_0035.jpg 1 33 49 35 35
0043_0025_0022_0042_0042.jpg 1 25 22 42 42
0044_0010_0038_0039_0039.jpg 1 10 38 39 39
0045_0029_0017_0046_0046.jpg 1 29 17 46 46
0046_0026_0063_0026_0026.jpg 1 26 63 26 26
0047_0023_0041_0051_0051.jpg 1 23 41 51 51
0048_0029_0016_0066_0066.jpg 1 29 16 66 66
0049_0035_0039_0037_0037.jpg 1 35 39 37 37
0050_0022_0029_0030_0030.jpg 1 22 29 30 30
0051_0055_0043_0028_0028.jpg 1 55 43 28 28
0052_0039_0031_0026_0026.jpg 1 39 31 26 26
0053_0025_0030_0027_0027.jpg 1 25 30 27 27
0054_0032_0015_0061_0061.jpg 1 32 15 61 61
0055_0017_0012_0056_0056.jpg 1 17 12 56 56
0056_0017_0029_0024_0024.jpg 1 17 29 24 24
0057_0019_0027_0030_0030.jpg 1 19 27 30 30
0058_0016_0025_0056_0056.jpg 1 16 25 56 56
0059_0053_0057_0029_0029.jpg 1 53 57 29 29
0060_0030_0022_0041_0041.jpg 1 30 22 41 41
0061_0025_0022_0041_0041.jpg 1 25 22 41 41
0062_0042_0009_0043_0043.jpg 1 42 9 43 43
0063_0060_0011_0026_0026.jpg 1 60 11 26 26
0064_0042_0009_0028_0028.jpg 1 42 9 28 28
0065_0038_0023_0052_0052.jpg 1 38 23 52 52
0066_0041_0021_0024_0024.jpg 1 41 21 24 24
0067_0011_0011_0068_0068.jpg 1 11 11 68 68
0068_0026_0018_0053_0053.jpg 1 26 18 53 53
0069_0009_0022_0060_0060.jpg 1 9 22 60 60
0070_0013_0021_0048_0048.jpg 1 13 21 48 48
0071_0015_0041_0037_0037.jpg 1 15 41 37 37
0072_0032_0024_0061_0061.jpg 1 32 24 61 61
0073_0031_0022_0049_0049.jpg 1 31 22 49 49
0074_0006_0022_0061_0061.jpg 1 6 22 61 61
0075_0057_0020_0033_0033.jpg 1 57 20 33 33
0076_0028_0005_0051_0051.jpg 1 28 5 51 51
0077_0009_0014_0062_0062.jpg 1 9 14 62 62
0078_0046_0036_0034_0034.jpg 1 46 36 34 34
0079_0018_0037_0034_0034.jpg 1 18 37 34 34
0080_0030_0028_0065_0065.jpg 1 30 28 65 65
0081_0012_0005_0068_0068.jpg 1 12 5 68 68
0082_0018_0020_0060_0060.jpg 1 18 20 60 60
0083_0038_0023_0044_0044.jpg 1 38 23 44 44
0084_0031_0014_0051_0051.jpg 1 31 14 51 51
0085_0032_0036_0059_0059.jpg 1 32 36 59 59
0086_0026_0028_0057_0057.jpg 1 26 28 57 57
0087_0052_0055_0024_0024.jpg 1 52 55 24 24
0088_0022_0006_0064_0064.jpg 1 22 6 64 64
0089_0040_0013_0030_0030.jpg 1 40 13 30 30
0090_0028_0027_0066_0066.jpg 1 28 27 66 66
0091_0047_0042_0034_0034.jpg 1 47 42 34 34
0092_0003_0028_0067_0067.jpg 1 3 28 67 67
0093_0048_0023_0030_0030.jpg 1 48 23 30 30
0094_0008_0021_0049_0049.jpg 1 8 21 49 49
0095_0036_0007_0059_0059.jpg 1 36 7 59 59
0096_0007_0032_0038_0038.jpg 1 7 32 38 38
0097_0007_0007_0057_0057.jpg 1 7 7 57 57
0098_0050_0025_0030_0030.jpg 1 50 25 30 30
0099_0035_0025_0032_0032.jpg 1 35 25 32 32
0100_0005_0012_0053_0053.jpg 1 5 12 53 53
0101_0020_0044_0028_0028.jpg 1 20 44 28 28
0102_0029_0016_0052_0052.jpg 1 29 16 52 52
0103_0036_0004_0058_0058.jpg 1 36 4 58 58
0104_0033_0012_0058_0058.jpg 1 33 12 58 58
0105_0042_0026_0043_0043.jpg 1 42 26 43 43
0106_0049_0028_0031_0031.jpg 1 49 28 31 31
0107_0039_0052_0033_0033.jpg 1 39 52 33 33
0108_0034_0011_0056_0056.jpg 1 34 11 56 56
0109_0028_0018_0039_0039.jpg 1 28 18 39 39
0110_0034_0029_0060_0060.jpg 1 34 29 60 60
0111_0010_0012_0068_0068.jpg 1 10 12 68 68
0112_0015_0020_0069_0069.jpg 1 15 20 69 69
0113_0027_0020_0037_0037.jpg 1 27 20 37 37
0114_0006_0042_0049_0049.jpg 1 6 42 49 49
0115_0027_0045_0026_0026.jpg 1 27 45 26 26
0116_0011_0015_0067_0067.jpg 1 11 15 67 67
0117_0024_0007_0032_0032.jpg 1 24 7 32 32
0118_0054_0009_0026_0026.jpg 1 54 9 26 26
0119_0005_0024_0066_0066.jpg 1 5 24 66 66
0120_0008_0014_0066_0066.jpg 1 8 14 66 66
0121_0025_0018_0063_0063.jpg 1 25 18 63 63
0122_0043_0045_0046_0046.jpg 1 43 45 46 46
0123_0033_0009_0052_0052.jpg 1 33 9 52 52
0124_0014_0047_0034_0034.jpg 1 14 47 34 34
0125_0020_0033_0042_0042.jpg 1 20 33 42 42
0126_0010_0009_0063_0063.jpg 1 10 9 63 63
0127_0026_0023_0039_0039.jpg 1 26 23 39 39
0128_0041_0033_0032_0032.jpg 1 41 33 32 32
0129_0012_0053_0040_0040.jpg 1 12 53 40 40
0130_0053_0023_0040_0040.jpg 1 53 23 40 40
0131_0027_0034_0055_0055.jpg 1 27 34 55 55
0132_0039_0034_0029_0029.jpg 1 39 34 29 29
0133_0042_0044_0038_0038.jpg 1 42 44 38 38
0134_0015_0031_0028_0028.jpg 1 15 31 28 28
0135_0020_0015_0068_0068.jpg 1 20 15 68 68
0136_0045_0047_0036_0036.jpg 1 45 47 36 36
0137_0013_0029_0046_0046.jpg 1 13 29 46 46
0138_0022_0004_0060_0060.jpg 1 22 4 60 60
0139_0032_0016_0059_0059.jpg 1 32 16 59 59
0140_0022_0005_0067_0067.jpg 1 22 5 67 67
0141_0006_0044_0034_0034.jpg 1 6 44 34 34
0142_0025_0020_0038_0038.jpg 1 25 20 38 38
0143_0031_0030_0061_0061.jpg 1 31 30 61 61
0144_0029_0018_0054_0054.jpg 1 29 18 54 54
0145_0022_0044_0045_0045.jpg 1 22 44 45 45
0146_0018_0018_0067_0067.jpg 1 18 18 67 67
0147_0024_0036_0047_0047.jpg 1 24 36 47 47
0148_0006_0040_0046_0046.jpg 1 6 40 46 46
0149_0016_0033_0029_0029.jpg 1 16 33 29 29
0150_0058_0022_0025_0025.jpg 1 58 22 25 25
0151_0056_0031_0024_0024.jpg 1 56 31 24 24
0152_0030_0031_0045_0045.jpg 1 30 31 45 45
0153_0010_0010_0024_0024.jpg 1 10 10 24 24
0154_0029_0011_0058_0058.jpg 1 29 11 58 58
0155_0022_0032_0054_0054.jpg 1 22 32 54 54
0156_0034_0029_0042_0042.jpg 1 34 29 42 42
0157_0018_0005_0059_0059.jpg 1 18 5 59 59
0158_0019_0019_0055_0055.jpg 1 19 19 55 55
0159_0028_0018_0065_0065.jpg 1 28 18 65 65
0160_0036_0022_0057_0057.jpg 1 36 22 57 57
0161_0009_0024_0069_0069.jpg 1 9 24 69 69
0162_0042_0013_0040_0040.jpg 1 42 13 40 40
0163_0009_0023_0027_0027.jpg 1 9 23 27 27
0164_0051_0032_0037_0037.jpg 1 51 32 37 37
0165_0014_0023_0043_0043.jpg 1 14 23 43 43
0166_0038_0038_0055_0055.jpg 1 38 38 55 55
0167_0005_0015_0054_0054.jpg 1 5 15 54 54
0168_0016_0039_0055_0055.jpg 1 16 39 55 55
0169_0018_0027_0066_0066.jpg 1 18 27 66 66
0170_0036_0007_0051_0051.jpg 1 36 7 51 51
0171_0013_0028_0057_0057.jpg 1 13 28 57 57
0172_0026_0026_0054_0054.jpg 1 26 26 54 54
0173_0019_0025_0063_0063.jpg 1 19 25 63 63
0174_0023_0005_0068_0068.jpg 1 23 5 68 68
0175_0018_0015_0039_0039.jpg 1 18 15 39 39
0176_0006_0035_0057_0057.jpg 1 6 35 57 57
0177_0025_0039_0035_0035.jpg 1 25 39 35 35
0178_0017_0005_0069_0069.jpg 1 17 5 69 69
0179_0013_0029_0047_0047.jpg 1 13 29 47 47
0180_0037_0029_0024_0024.jpg 1 37 29 24 24
0181_0009_0019_0044_0044.jpg 1 9 19 44 44
0182_0021_0032_0040_0040.jpg 1 21 32 40 40
0183_0021_0027_0067_0067.jpg 1 21 27 67 67
0184_0037_0029_0050_0050.jpg 1 37 29 50 50
0185_0015_0009_0054_0054.jpg 1 15 9 54 54
0186_0037_0041_0035_0035.jpg 1 37 41 35 35
0187_0018_0007_0065_0065.jpg 1 18 7 65 65
0188_0029_0006_0036_0036.jpg 1 29 6 36 36
0189_0029_0025_0047_0047.jpg 1 29 25 47 47
0190_0006_0030_0037_0037.jpg 1 6 30 37 37
0191_0041_0051_0026_0026.jpg 1 41 51 26 26
0192_0023_0016_0064_0064.jpg 1 23 16 64 64
0193_0021_0033_0025_0025.jpg 1 21 33 25 25
0194_0023_0034_0045_0045.jpg 1 23 34 45 45
0195_0031_0034_0051_0051.jpg 1 31 34 51 51
0196_0039_0007_0053_0053.jpg 1 39 7 53 53
0197_0007_0006_0038_0038.jpg 1 7 6 38 38
0198_0005_0029_0061_0061.jpg 1 5 29 61 61
0199_0040_0015_0036_0036.jpg 1 40 15 36 36
0200_0046_0059_0030_0030.jpg 1 46 59 30 30
0201_0017_0029_0064_0064.jpg 1 17 29 64 64
0202_0015_0017_0046_0046.jpg 1 15 17 46 46
0203_0029_0057_0024_0024.jpg 1 29 57 24 24
0204_0008_0014_0061_0061.jpg 1 8 14 61 61
0205_0049_0050_0041_0041.jpg 1 49 50 41 41
0206_0018_0032_0060_0060.jpg 1 18 32 60 60
0207_0011_0037_0033_0033.jpg 1 11 37 33 33
0208_0028_0018_0059_0059.jpg 1 28 18 59 59
0209_0014_0010_0068_0068.jpg 1 14 10 68 68
0210_0049_0011_0035_0035.jpg 1 49 11 35 35
0211_0035_0017_0048_0048.jpg 1 35 17 48 48
0212_0021_0047_0036_0036.jpg 1 21 47 36 36
0213_0038_0019_0032_0032.jpg 1 38 19 32 32
0214_0045_0017_0036_0036.jpg 1 45 17 36 36
0215_0036_0017_0046_0046.jpg 1 36 17 46 46
0216_0008_0031_0047_0047.jpg 1 8 31 47 47
0217_0044_0033_0047_0047.jpg 1 44 33 47 47
0218_0054_0064_0024_0024.jpg 1 54 64 24 24
0219_0025_0014_0030_0030.jpg 1 25 14 30 30
0220_0039_0027_0041_0041.jpg 1 39 27 41 41
0221_0037_0013_0032_0032.jpg 1 37 13 32 32
0222_0011_0042_0032_0032.jpg 1 11 42 32 32
0223_0018_0032_0039_0039.jpg 1 18 32 39 39
0224_0034_0034_0028_0028.jpg 1 34 34 28 28
0225_0012_0046_0044_0044.jpg 1 12 46 44 44
0226_0038_0021_0044_0044.jpg 1 38 21 44 44
0227_0018_0019_0044_0044.jpg 1 18 19 44 44
0228_0012_0014_0067_0067.jpg 1 12 14 67 67
0229_0006_0033_0037_0037.jpg 1 6 33 37 37
0230_0032_0023_0045_0045.jpg 1 32 23 45 45
0231_0014_0013_0066_0066.jpg 1 14 13 66 66
0232_0040_0033_0035_0035.jpg 1 40 33 35 35
0233_0017_0038_0054_0054.jpg 1 17 38 54 54
0234_0028_0011_0055_0055.jpg 1 28 11 55 55
0235_0014_0037_0052_0052.jpg 1 14 37 52 52
0236_0024_0015_0026_0026.jpg 1 24 15 26 26
0237_0022_0038_0055_0055.jpg 1 22 38 55 55
0238_0020_0038_0056_0056.jpg 1 20 38 56 56
0239_0026_0015_0051_0051.jpg 1 26 15 51 51
0240_0047_0008_0047_0047.jpg 1 47 8 47 47
0241_0065_0024_0025_0025.jpg 1 65 24 25 25
0242_0010_0005_0069_0069.jpg 1 10 5 69 69
0243_0030_0015_0049_0049.jpg 1 30 15 49 49
0244_0004_0015_0068_0068.jpg 1 4 15 68 68
0245_0050_0050_0040_0040.jpg 1 50 50 40 40
0246_0021_0037_0053_0053.jpg 1 21 37 53 53
0247_0056_0052_0025_0025.jpg 1 56 52 25 25
0248_0030_0030_0045_0045.jpg 1 30 30 45 45
0249_0007_0015_0050_0050.jpg 1 7 15 50 50
0250_0030_0004_0066_0066.jpg 1 30 4 66 66
0251_0027_0005_0063_0063.jpg 1 27 5 63 63
0252_0028_0048_0045_0045.jpg 1 28 48 45 45
0253_0051_0044_0039_0039.jpg 1 51 44 39 39
0254_0049_0013_0043_0043.jpg 1 49 13 43 43
0255_0037_0043_0028_0028.jpg 1 37 43 28 28
0256_0028_0004_0067_0067.jpg 1 28 4 67 67
0257_0042_0040_0052_0052.jpg 1 42 40 52 52
0258_0019_0024_0067_0067.jpg 1 19 24 67 67
0259_0036_0004_0056_0056.jpg 1 36 4 56 56
0260_0024_0021_0066_0066.jpg 1 24 21 66 66
0261_0013_0034_0061_0061.jpg 1 13 34 61 61
0262_0013_0013_0053_0053.jpg 1 13 13 53 53
0263_0036_0010_0040_0040.jpg 1 36 10 40 40
0264_0026_0042_0040_0040.jpg 1 26 42 40 40
0265_0014_0025_0030_0030.jpg 1 14 25 30 30
0266_0048_0023_0046_0046.jpg 1 48 23 46 46
0267_0020_0012_0041_0041.jpg 1 20 12 41 41
0268_0018_0013_0038_0038.jpg 1 18 13 38 38
0269_0020_0024_0056_0056.jpg 1 20 24 56 56
0270_0029_0025_0066_0066.jpg 1 29 25 66 66
0271_0015_0008_0064_0064.jpg 1 15 8 64 64
0272_0022_0025_0028_0028.jpg 1 22 25 28 28
0273_0031_0014_0062_0062.jpg 1 31 14 62 62
0274_0031_0023_0039_0039.jpg 1 31 23 39 39
0275_0036_0040_0052_0052.jpg 1 36 40 52 52
0276_0030_0027_0048_0048.jpg 1 30 27 48 48
0277_0015_0040_0047_0047.jpg 1 15 40 47 47
0278_0022_0016_0045_0045.jpg 1 22 16 45 45
0279_0009_0012_0066_0066.jpg 1 9 12 66 66
0280_0015_0022_0068_0068.jpg 1 15 22 68 68
0281_0006_0026_0064_0064.jpg 1 6 26 64 64
0282_0038_0047_0035_0035.jpg 1 38 47 35 35
0283_0006_0016_0066_0066.jpg 1 6 16 66 66
0284_0047_0013_0043_0043.jpg 1 47 13 43 43
0285_0016_0026_0039_0039.jpg 1 16 26 39 39
0286_0036_0006_0051_0051.jpg 1 36 6 51 51
0287_0027_0008_0069_0069.jpg 1 27 8 69 69
0288_0027_0053_0029_0029.jpg 1 27 53 29 29
0289_0028_0029_0042_0042.jpg 1 28 29 42 42
0290_0007_0011_0035_0035.jpg 1 7 11 35 35
0291_0029_0054_0035_0035.jpg 1 29 54 35 35
0292_0023_0021_0051_0051.jpg 1 23 21 51 51
0293_0039_0027_0040_0040.jpg 1 39 27 40 40
0294_0040_0046_0024_0024.jpg 1 40 46 24 24
0295_0063_0010_0028_0028.jpg 1 63 10 28 28
0296_0014_0032_0064_0064.jpg 1 14 32 64 64
0297_0005_0003_0065_0065.jpg 1 5 3 65 65
0298_0050_0013_0041_0041.jpg 1 50 13 41 41
0299_0007_0017_0060_0060.jpg 1 7 17 60 60
0300_0005_0026_0069_0069.jpg 1 5 26 69 69
0301_0038_0064_0025_0025.jpg 1 38 64 25 25
0302_0006_0019_0067_0067.jpg 1 6 19 67 67
0303_0016_0017_0057_0057.jpg 1 16 17 57 57
0304_0007_0050_0030_0030.jpg 1 7 50 30 30
0305_0018_0043_0051_0051.jpg 1 18 43 51 51
0306_0038_0008_0038_0038.jpg 1 38 8 38 38
0307_0024_0010_0026_0026.jpg 1 24 10 26 26
0308_0036_0023_0051_0051.jpg 1 36 23 51 51
0309_0024_0024_0030_0030.jpg 1 24 24 30 30
0310_0014_0021_0046_0046.jpg 1 14 21 46 46
0311_0039_0021_0034_0034.jpg 1 39 21 34 34
0312_0016_0009_0069_0069.jpg 1 16 9 69 69
0313_0011_0017_0046_0046.jpg 1 11 17 46 46
0314_0021_0009_0067_0067.jpg 1 21 9 67 67
0315_0016_0016_0067_0067.jpg 1 16 16 67 67
0316_0028_0006_0065_0065.jpg 1 28 6 65 65
0317_0026_0022_0066_0066.jpg 1 26 22 66 66
0318_0058_0035_0026_0026.jpg 1 58 35 26 26
0319_0038_0044_0031_0031.jpg 1 38 44 31 31
0320_0035_0023_0037_0037.jpg 1 35 23 37 37
0321_0017_0009_0060_0060.jpg 1 17 9 60 60
0322_0020_0012_0061_0061.jpg 1 20 12 61 61
0323_0048_0021_0044_0044.jpg 1 48 21 44 44
0324_0038_0050_0035_0035.jpg 1 38 50 35 35
0325_0030_0022_0057_0057.jpg 1 30 22 57 57
0326_0030_0008_0052_0052.jpg 1 30 8 52 52
0327_0020_0014_0036_0036.jpg 1 20 14 36 36
0328_0007_0012_0038_0038.jpg 1 7 12 38 38
0329_0010_0007_0066_0066.jpg 1 10 7 66 66
0330_0038_0034_0054_0054.jpg 1 38 34 54 54
0331_0020_0017_0042_0042.jpg 1 20 17 42 42
0332_0008_0010_0059_0059.jpg 1 8 10 59 59
0333_0013_0042_0028_0028.jpg 1 13 42 28 28
0334_0035_0040_0024_0024.jpg 1 35 40 24 24
0335_0024_0025_0052_0052.jpg 1 24 25 52 52
0336_0006_0030_0061_0061.jpg 1 6 30 61 61
0337_0027_0008_0069_0069.jpg 1 27 8 69 69
0338_0030_0027_0044_0044.jpg 1 30 27 44 44
0339_0027_0023_0053_0053.jpg 1 27 23 53 53
0340_0010_0008_0059_0059.jpg 1 10 8 59 59
0341_0019_0009_0068_0068.jpg 1 19 9 68 68
0342_0014_0035_0057_0057.jpg 1 14 35 57 57
0343_0019_0039_0037_0037.jpg 1 19 39 37 37
0344_0046_0037_0025_0025.jpg 1 46 37 25 25
0345_0008_0015_0039_0039.jpg 1 8 15 39 39
0346_0044_0027_0029_0029.jpg 1 44 27 29 29
0347_0010_0006_0045_0045.jpg 1 10 6 45 45
0348_0025_0005_0043_0043.jpg 1 25 5 43 43
0349_0041_0018_0047_0047.jpg 1 41 18 47 47
0350_0028_0037_0044_0044.jpg 1 28 37 44 44
0351_0040_0010_0027_0027.jpg 1 40 10 27 27
0352_0022_0025_0039_0039.jpg 1 22 25 39 39
0353_0021_0013_0041_0041.jpg 1 21 13 41 41
0354_0043_0018_0024_0024.jpg 1 43 18 24 24
0355_0014_0022_0062_0062.jpg 1 14 22 62 62
0356_0016_0021_0062_0062.jpg 1 16 21 62 62
0357_0022_0011_0068_0068.jpg 1 22 11 68 68
0358_0016_0018_0040_0040.jpg 1 16 18 40 40
0359_0018_0041_0024_0024.jpg 1 18 41 24 24
0360_0040_0036_0044_0044.jpg 1 40 36 44 44
0361_0042_0011_0043_0043.jpg 1 42 11 43 43
0362_0039_0008_0024_0024.jpg 1 39 8 24 24
0363_0020_0017_0024_0024.jpg 1 20 17 24 24
0364_0020_0009_0058_0058.jpg 1 20 9 58 58
0365_0010_0022_0052_0052.jpg 1 10 22 52 52
0366_0035_0017_0039_0039.jpg 1 35 17 39 39
0367_0015_0047_0042_0042.jpg 1 15 47 42 42
0368_0027_0028_0058_0058.jpg 1 27 28 58 58
0369_0012_0021_0041_0041.jpg 1 12 21 41 41
0370_0031_0009_0037_0037.jpg 1 31 9 37 37
0371_0006_0016_0047_0047.jpg 1 6 16 47 47
0372_0040_0014_0051_0051.jpg 1 40 14 51 51
0373_0038_0035_0029_0029.jpg 1 38 35 29 29
0374_0044_0036_0024_0024.jpg 1 44 36 24 24
0375_0047_0029_0031_0031.jpg 1 47 29 31 31
0376_0022_0008_0069_0069.jpg 1 22 8 69 69
0377_0023_0025_0066_0066.jpg 1 23 25 66 66
0378_0025_0009_0061_0061.jpg 1 25 9 61 61
0379_0040_0038_0053_0053.jpg 1 40 38 53 53
0380_0028_0013_0058_0058.jpg 1 28 13 58 58
0381_0018_0008_0031_0031.jpg 1 18 8 31 31
0382_0016_0005_0049_0049.jpg 1 16 5 49 49
0383_0011_0023_0060_0060.jpg 1 11 23 60 60
0384_0024_0011_0026_0026.jpg 1 24 11 26 26
0385_0011_0006_0057_0057.jpg 1 11 6 57 57
0386_0027_0026_0051_0051.jpg 1 27 26 51 51
0387_0036_0042_0045_0045.jpg 1 36 42 45 45
0388_0016_0024_0052_0052.jpg 1 16 24 52 52
0389_0032_0011_0060_0060.jpg 1 32 11 60 60
0390_0029_0032_0061_0061.jpg 1 29 32 61 61
0391_0009_0032_0045_0045.jpg 1 9 32 45 45
0392_0019_0028_0032_0032.jpg 1 19 28 32 32
0393_0008_0029_0051_0051.jpg 1 8 29 51 51
0394_0012_0009_0040_0040.jpg 1 12 9 40 40
0395_0018_0030_0065_0065.jpg 1 18 30 65 65
0396_0020_0036_0059_0059.jpg 1 20 36 59 59
0397_0004_0011_0060_0060.jpg 1 4 11 60 60
0398_0011_0056_0036_0036.jpg 1 11 56 36 36
0399_0013_0012_0068_0068.jpg 1 13 12 68 68
0400_0024_0029_0052_0052.jpg 1 24 29 52 52
0401_0024_0044_0030_0030.jpg 1 24 44 30 30
0402_0010_0011_0049_0049.jpg 1 10 11 49 49
0403_0011_0062_0026_0026.jpg 1 11 62 26 26
0404_0013_0005_0058_0058.jpg 1 13 5 58 58
0405_0011_0021_0054_0054.jpg 1 11 21 54 54
0406_0023_0023_0040_0040.jpg 1 23 23 40 40
0407_0021_0011_0037_0037.jpg 1 21 11 37 37
0408_0027_0015_0068_0068.jpg 1 27 15 68 68
0409_0016_0048_0040_0040.jpg 1 16 48 40 40
0410_0030_0018_0055_0055.jpg 1 30 18 55 55
0411_0018_0020_0055_0055.jpg 1 18 20 55 55
0412_0023_0040_0024_0024.jpg 1 23 40 24 24
0413_0029_0032_0059_0059.jpg 1 29 32 59 59
0414_0027_0017_0036_0036.jpg 1 27 17 36 36
0415_0036_0027_0055_0055.jpg 1 36 27 55 55
0416_0009_0021_0063_0063.jpg 1 9 21 63 63
0417_0032_0016_0043_0043.jpg 1 32 16 43 43
0418_0040_0025_0046_0046.jpg 1 40 25 46 46
0419_0008_0028_0032_0032.jpg 1 8 28 32 32
0420_0019_0052_0036_0036.jpg 1 19 52 36 36
0421_0019_0012_0044_0044.jpg 1 19 12 44 44
0422_0016_0018_0054_0054.jpg 1 16 18 54 54
0423_0018_0034_0059_0059.jpg 1 18 34 59 59
0424_0040_0024_0033_0033.jpg 1 40 24 33 33
0425_0023_0015_0067_0067.jpg 1 23 15 67 67
0426_0008_0055_0037_0037.jpg 1 8 55 37 37
0427_0021_0033_0044_0044.jpg 1 21 33 44 44
0428_0016_0031_0061_0061.jpg 1 16 31 61 61
0429_0006_0022_0064_0064.jpg 1 6 22 64 64
0430_0041_0031_0030_0030.jpg 1 41 31 30 30
0431_0031_0010_0036_0036.jpg 1 31 10 36 36
0432_0028_0015_0037_0037.jpg 1 28 15 37 37
0433_0015_0018_0043_0043.jpg 1 15 18 43 43
0434_0029_0010_0025_0025.jpg 1 29 10 25 25
0435_0027_0034_0057_0057.jpg 1 27 34 57 57
0436_0020_0015_0063_0063.jpg 1 20 15 63 63
0437_0017_0030_0058_0058.jpg 1 17 30 58 58
0438_0006_0044_0041_0041.jpg 1 6 44 41 41
0439_0050_0030_0044_0044.jpg 1 50 30 44 44
0440_0028_0035_0054_0054.jpg 1 28 35 54 54
0441_0019_0006_0063_0063.jpg 1 19 6 63 63
0442_0051_0053_0028_0028.jpg 1 51 53 28 28
0443_0016_0024_0053_0053.jpg 1 16 24 53 53
0444_0043_0030_0029_0029.jpg 1 43 30 29 29
0445_0007_0013_0056_0056.jpg 1 7 13 56 56
0446_0043_0043_0047_0047.jpg 1 43 43 47 47
0447_0044_0058_0029_0029.jpg 1 44 58 29 29
0448_0059_0027_0025_0025.jpg 1 59 27 25 25
0449_0056_0007_0035_0035.jpg 1 56 7 35 35
0450_0011_0015_0059_0059.jpg 1 11 15 59 59
0451_0023_0032_0060_0060.jpg 1 23 32 60 60
0452_0033_0037_0043_0043.jpg 1 33 37 43 43
0453_0011_0016_0034_0034.jpg 1 11 16 34 34
0454_0038_0046_0026_0026.jpg 1 38 46 26 26
0455_0029_0020_0044_0044.jpg 1 29 20 44 44
0456_0037_0024_0026_0026.jpg 1 37 24 26 26
0457_0024_0039_0055_0055.jpg 1 24 39 55 55
0458_0017_0019_0026_0026.jpg 1 17 19 26 26
0459_0019_0025_0042_0042.jpg 1 19 25 42 42
0460_0015_0016_0061_0061.jpg 1 15 16 61 61
0461_0012_0037_0035_0035.jpg 1 12 37 35 35
0462_0024_0015_0029_0029.jpg 1 24 15 29 29
0463_0007_0037_0043_0043.jpg 1 7 37 43 43
0464_0051_0033_0040_0040.jpg 1 51 33 40 40
0465_0019_0044_0051_0051.jpg 1 19 44 51 51
0466_0006_0022_0054_0054.jpg 1 6 22 54 54
0467_0039_0047_0042_0042.jpg 1 39 47 42 42
0468_0017_0006_0064_0064.jpg 1 17 6 64 64
0469_0035_0005_0059_0059.jpg 1 35 5 59 59
0470_0004_0009_0063_0063.jpg 1 4 9 63 63
0471_0016_0040_0043_0043.jpg 1 16 40 43 43
0472_0029_0022_0056_0056.jpg 1 29 22 56 56
0473_0008_0006_0049_0049.jpg 1 8 6 49 49
0474_0030_0019_0044_0044.jpg 1 30 19 44 44
0475_0038_0007_0041_0041.jpg 1 38 7 41 41
0476_0011_0018_0056_0056.jpg 1 11 18 56 56
0477_0029_0040_0030_0030.jpg 1 29 40 30 30
0478_0018_0024_0059_0059.jpg 1 18 24 59 59
0479_0053_0048_0029_0029.jpg 1 53 48 29 29
0480_0008_0041_0031_0031.jpg 1 8 41 31 31
0481_0016_0008_0058_0058.jpg 1 16 8 58 58
0482_0049_0017_0036_0036.jpg 1 49 17 36 36
0483_0046_0017_0031_0031.jpg 1 46 17 31 31
0484_0016_0018_0065_0065.jpg 1 16 18 65 65
0485_0009_0055_0025_0025.jpg 1 9 55 25 25
0486_0041_0021_0041_0041.jpg 1 41 21 41 41
0487_0047_0015_0044_0044.jpg 1 47 15 44 44
0488_0034_0013_0039_0039.jpg 1 34 13 39 39
0489_0018_0014_0032_0032.jpg 1 18 14 32 32
0490_0010_0038_0054_0054.jpg 1 10 38 54 54
0491_0010_0022_0061_0061.jpg 1 10 22 61 61
0492_0027_0008_0061_0061.jpg 1 27 8 61 61
0493_0024_0031_0033_0033.jpg 1 24 31 33 33
0494_0022_0016_0068_0068.jpg 1 22 16 68 68
0495_0027_0015_0043_0043.jpg 1 27 15 43 43
0496_0021_0014_0040_0040.jpg 1 21 14 40 40
0497_0010_0026_0052_0052.jpg 1 10 26 52 52
0498_0014_0048_0040_0040.jpg 1 14 48 40 40
0499_0026_0030_0065_0065.jpg 1 26 30 65 65
0500_0038_0059_0033_0033.jpg 1 38 59 33 33
0501_0005_0022_0060_0060.jpg 1 5 22 60 60
0502_0025_0044_0045_0045.jpg 1 25 44 45 45
0503_0060_0020_0028_0028.jpg 1 60 20 28 28
0504_0040_0034_0044_0044.jpg 1 40 34 44 44
0505_0055_0049_0027_0027.jpg 1 55 49 27 27
0506_0011_0020_0041_0041.jpg 1 11 20 41 41
0507_0006_0027_0067_0067.jpg 1 6 27 67 67
0508_0054_0052_0028_0028.jpg 1 54 52 28 28
0509_0007_0021_0066_0066.jpg 1 7 21 66 66
0510_0033_0046_0039_0039.jpg 1 33 46 39 39
0511_0023_0038_0050_0050.jpg 1 23 38 50 50
0512_0023_0056_0025_0025.jpg 1 23 56 25 25
0513_0039_0032_0047_0047.jpg 1 39 32 47 47
0514_0010_0044_0035_0035.jpg 1 10 44 35 35
0515_0017_0015_0033_0033.jpg 1 17 15 33 33
0516_0014_0017_0037_0037.jpg 1 14 17 37 37
0517_0019_0024_0025_0025.jpg 1 19 24 25 25
0518_0018_0009_0065_0065.jpg 1 18 9 65 65
0519_0024_0023_0040_0040.jpg 1 24 23 40 40
0520_0022_0011_0033_0033.jpg 1 22 11 33 33
0521_0009_0005_0054_0054.jpg 1 9 5 54 54
0522_0021_0020_0066_0066.jpg 1 21 20 66 66
0523_0008_0019_0062_0062.jpg 1 8 19 62 62
0524_0034_0016_0024_0024.jpg 1 34 16 24 24
0525_0044_0058_0034_0034.jpg 1 44 58 34 34
0526_0043_0023_0045_0045.jpg 1 43 23 45 45
0527_0022_0038_0054_0054.jpg 1 22 38 54 54
0528_0006_0008_0053_0053.jpg 1 6 8 53 53
0529_0045_0050_0028_0028.jpg 1 45 50 28 28
0530_0025_0019_0051_0051.jpg 1 25 19 51 51
0531_0024_0026_0058_0058.jpg 1 24 26 58 58
0532_0046_0028_0025_0025.jpg 1 46 28 25 25
0533_0039_0015_0053_0053.jpg 1 39 15 53 53
0534_0017_0031_0046_0046.jpg 1 17 31 46 46
0535_0020_0058_0033_0033.jpg 1 20 58 33 33
0536_0037_0025_0048_0048.jpg 1 37 25 48 48
0537_0011_0028_0028_0028.jpg 1 11 28 28 28
0538_0036_0018_0033_0033.jpg 1 36 18 33 33
0539_0024_0045_0031_0031.jpg 1 24 45 31 31
0540_0017_0007_0055_0055.jpg 1 17 7 55 55
0541_0054_0039_0039_0039.jpg 1 54 39 39 39
0542_0059_0054_0027_0027.jpg 1 59 54 27 27
0543_0046_0029_0042_0042.jpg 1 46 29 42 42
0544_0027_0040_0042_0042.jpg 1 27 40 42 42
0545_0047_0050_0033_0033.jpg 1 47 50 33 33
0546_0046_0044_0040_0040.jpg 1 46 44 40 40
0547_0021_0026_0069_0069.jpg 1 21 26 69 69
0548_0007_0017_0069_0069.jpg 1 7 17 69 69
0549_0004_0005_0062_0062.jpg 1 4 5 62 62
0550_0006_0017_0037_0037.jpg 1 6 17 37 37
0551_0018_0030_0059_0059.jpg 1 18 30 59 59
0552_0014_0011_0024_0024.jpg 1 14 11 24 24
0553_0043_0045_0044_0044.jpg 1 43 45 44 44
0554_0022_0025_0059_0059.jpg 1 22 25 59 59
0555_0032_0046_0045_0045.jpg 1 32 46 45 45
0556_0066_0028_0024_0024.jpg 1 66 28 24 24
0557_0023_0009_0068_0068.jpg 1 23 9 68 68
0558_0022_0034_0056_0056.jpg 1 22 34 56 56
0559_0018_0007_0026_0026.jpg 1 18 7 26 26
0560_0009_0007_0067_0067.jpg 1 9 7 67 67
0561_0033_0027_0036_0036.jpg 1 33 27 36 36
0562_0028_0045_0027_0027.jpg 1 28 45 27 27
0563_0022_0020_0028_0028.jpg 1 22 20 28 28
0564_0042_0025_0042_0042.jpg 1 42 25 42 42
0565_0026_0032_0028_0028.jpg 1 26 32 28 28
0566_0050_0059_0029_0029.jpg 1 50 59 29 29
0567_0043_0052_0039_0039.jpg 1 43 52 39 39
0568_0026_0012_0063_0063.jpg 1 26 12 63 63
0569_0046_0014_0040_0040.jpg 1 46 14 40 40
0570_0031_0022_0030_0030.jpg 1 31 22 30 30
0571_0050_0027_0029_0029.jpg 1 50 27 29 29
0572_0005_0009_0061_0061.jpg 1 5 9 61 61
0573_0007_0026_0067_0067.jpg 1 7 26 67 67
0574_0031_0033_0043_0043.jpg 1 31 33 43 43
0575_0052_0020_0036_0036.jpg 1 52 20 36 36
0576_0036_0008_0033_0033.jpg 1 36 8 33 33
0577_0026_0050_0029_0029.jpg 1 26 50 29 29
0578_0035_0047_0045_0045.jpg 1 35 47 45 45
0579_0026_0031_0029_0029.jpg 1 26 31 29 29
0580_0053_0008_0034_0034.jpg 1 53 8 34 34
0581_0011_0029_0064_0064.jpg 1 11 29 64 64
0582_0008_0046_0045_0045.jpg 1 8 46 45 45
0583_0013_0040_0034_0034.jpg 1 13 40 34 34
0584_0014_0035_0043_0043.jpg 1 14 35 43 43
0585_0016_0019_0067_0067.jpg 1 16 19 67 67
0586_0026_0027_0033_0033.jpg 1 26 27 33 33
0587_0019_0022_0049_0049.jpg 1 19 22 49 49
0588_0038_0024_0026_0026.jpg 1 38 24 26 26
0589_0023_0029_0049_0049.jpg 1 23 29 49 49
0590_0015_0008_0055_0055.jpg 1 15 8 55 55
0591_0003_0007_0067_0067.jpg 1 3 7 67 67
0592_0053_0060_0024_0024.jpg 1 53 60 24 24
0593_0027_0017_0064_0064.jpg 1 27 17 64 64
0594_0033_0014_0057_0057.jpg 1 33 14 57 57
0595_0028_0026_0062_0062.jpg 1 28 26 62 62
0596_0063_0017_0028_0028.jpg 1 63 17 28 28
0597_0026_0031_0047_0047.jpg 1 26 31 47 47
0598_0053_0034_0033_0033.jpg 1 53 34 33 33
0599_0019_0033_0028_0028.jpg 1 19 33 28 28
0600_0058_0064_0026_0026.jpg 1 58 64 26 26
0601_0004_0005_0067_0067.jpg 1 4 5 67 67
0602_0036_0008_0049_0049.jpg 1 36 8 49 49
0603_0042_0040_0033_0033.jpg 1 42 40 33 33
0604_0021_0034_0059_0059.jpg 1 21 34 59 59
0605_0023_0027_0064_0064.jpg 1 23 27 64 64
0606_0033_0027_0038_0038.jpg 1 33 27 38 38
0607_0022_0011_0037_0037.jpg 1 22 11 37 37
0608_0031_0048_0043_0043.jpg 1 31 48 43 43
0609_0042_0030_0042_0042.jpg 1 42 30 42 42
0610_0028_0012_0038_0038.jpg 1 28 12 38 38
0611_0014_0020_0068_0068.jpg 1 14 20 68 68
0612_0032_0016_0045_0045.jpg 1 32 16 45 45
0613_0018_0015_0026_0026.jpg 1 18 15 26 26
0614_0003_0012_0064_0064.jpg 1 3 12 64 64
0615_0025_0023_0061_0061.jpg 1 25 23 61 61
0616_0031_0017_0025_0025.jpg 1 31 17 25 25
0617_0026_0006_0062_0062.jpg 1 26 6 62 62
0618_0039_0009_0055_0055.jpg 1 39 9 55 55
0619_0018_0031_0063_0063.jpg 1 18 31 63 63
0620_0043_0010_0040_0040.jpg 1 43 10 40 40
0621_0028_0021_0065_0065.jpg 1 28 21 65 65
0622_0041_0008_0050_0050.jpg 1 41 8 50 50
0623_0049_0025_0040_0040.jpg 1 49 25 40 40
0624_0025_0028_0068_0068.jpg 1 25 28 68 68
0625_0029_0021_0063_0063.jpg 1 29 21 63 63
0626_0011_0040_0036_0036.jpg 1 11 40 36 36
0627_0039_0030_0034_0034.jpg 1 39 30 34 34
0628_0027_0009_0038_0038.jpg 1 27 9 38 38
0629_0048_0050_0041_0041.jpg 1 48 50 41 41
0630_0047_0033_0042_0042.jpg 1 47 33 42 42
0631_0042_0044_0040_0040.jpg 1 42 44 40 40
0632_0029_0015_0065_0065.jpg 1 29 15 65 65
0633_0023_0061_0029_0029.jpg 1 23 61 29 29
0634_0059_0046_0030_0030.jpg 1 59 46 30 30
0635_0009_0028_0062_0062.jpg 1 9 28 62 62
0636_0030_0049_0027_0027.jpg 1 30 49 27 27
0637_0013_0034_0050_0050.jpg 1 13 34 50 50
0638_0006_0037_0044_0044.jpg 1 6 37 44 44
0639_0029_0032_0031_0031.jpg 1 29 32 31 31
0640_0044_0025_0045_0045.jpg 1 44 25 45 45
0641_0025_0030_0065_0065.jpg 1 25 30 65 65
0642_0052_0054_0039_0039.jpg 1 52 54 39 39
0643_0006_0019_0059_0059.jpg 1 6 19 59 59
0644_0048_0033_0037_0037.jpg 1 48 33 37 37
0645_0016_0006_0052_0052.jpg 1 16 6 52 52
0646_0047_0015_0045_0045.jpg 1 47 15 45 45
0647_0053_0037_0030_0030.jpg 1 53 37 30 30
0648_0027_0030_0052_0052.jpg 1 27 30 52 52
0649_0020_0006_0067_0067.jpg 1 20 6 67 67
0650_0007_0031_0050_0050.jpg 1 7 31 50 50
0651_0020_0025_0038_0038.jpg 1 20 25 38 38
0652_0021_0007_0052_0052.jpg 1 21 7 52 52
0653_0046_0006_0039_0039.jpg 1 46 6 39 39
0654_0038_0037_0052_0052.jpg 1 38 37 52 52
0655_0006_0031_0049_0049.jpg 1 6 31 49 49
0656_0045_0062_0028_0028.jpg 1 45 62 28 28
0657_0033_0033_0030_0030.jpg 1 33 33 30 30
0658_0012_0026_0061_0061.jpg 1 12 26 61 61
0659_0023_0048_0035_0035.jpg 1 23 48 35 35
0660_0020_0051_0029_0029.jpg 1 20 51 29 29
0661_0007_0007_0049_0049.jpg 1 7 7 49 49
0662_0016_0036_0045_0045.jpg 1 16 36 45 45
0663_0005_0024_0069_0069.jpg 1 5 24 69 69
0664_0007_0028_0062_0062.jpg 1 7 28 62 62
0665_0013_0024_0049_0049.jpg 1 13 24 49 49
0666_0010_0013_0069_0069.jpg 1 10 13 69 69
0667_0007_0029_0055_0055.jpg 1 7 29 55 55
0668_0051_0021_0028_0028.jpg 1 51 21 28 28
0669_0017_0025_0031_0031.jpg 1 17 25 31 31
0670_0061_0041_0030_0030.jpg 1 61 41 30 30
0671_0023_0016_0025_0025.jpg 1 23 16 25 25
0672_0044_0043_0029_0029.jpg 1 44 43 29 29
0673_0027_0010_0036_0036.jpg 1 27 10 36 36
0674_0009_0008_0048_0048.jpg 1 9 8 48 48
0675_0043_0008_0024_0024.jpg 1 43 8 24 24
0676_0025_0013_0057_0057.jpg 1 25 13 57 57
0677_0021_0025_0062_0062.jpg 1 21 25 62 62
0678_0036_0031_0049_0049.jpg 1 36 31 49 49
0679_0065_0027_0027_0027.jpg 1 65 27 27 27
0680_0027_0014_0028_0028.jpg 1 27 14 28 28
0681_0009_0015_0050_0050.jpg 1 9 15 50 50
0682_0022_0004_0057_0057.jpg 1 22 4 57 57
0683_0026_0012_0049_0049.jpg 1 26 12 49 49
0684_0032_0006_0036_0036.jpg 1 32 6 36 36
0685_0007_0048_0035_0035.jpg 1 7 48 35 35
0686_0044_0038_0050_0050.jpg 1 44 38 50 50
0687_0042_0045_0048_0048.jpg 1 42 45 48 48
0688_0027_0022_0064_0064.jpg 1 27 22 64 64
0689_0049_0058_0029_0029.jpg 1 49 58 29 29
0690_0042_0054_0035_0035.jpg 1 42 54 35 35
0691_0024_0048_0046_0046.jpg 1 24 48 46 46
0692_0028_0040_0027_0027.jpg 1 28 40 27 27
0693_0052_0041_0033_0033.jpg 1 52 41 33 33
0694_0048_0048_0033_0033.jpg 1 48 48 33 33
0695_0012_0017_0061_0061.jpg 1 12 17 61 61
0696_0017_0019_0047_0047.jpg 1 17 19 47 47
0697_0034_0053_0028_0028.jpg 1 34 53 28 28
0698_0006_0020_0042_0042.jpg 1 6 20 42 42
0699_0013_0016_0043_0043.jpg 1 13 16 43 43
0700_0008_0026_0067_0067.jpg 1 8 26 67 67
0701_0024_0007_0064_0064.jpg 1 24 7 64 64
0702_0012_0034_0046_0046.jpg 1 12 34 46 46
0703_0041_0011_0044_0044.jpg 1 41 11 44 44
0704_0008_0020_0062_0062.jpg 1 8 20 62 62
0705_0008_0009_0055_0055.jpg 1 8 9 55 55
0706_0007_0023_0048_0048.jpg 1 7 23 48 48
0707_0023_0024_0032_0032.jpg 1 23 24 32 32
0708_0041_0009_0025_0025.jpg 1 41 9 25 25
0709_0010_0004_0058_0058.jpg 1 10 4 58 58
0710_0014_0025_0066_0066.jpg 1 14 25 66 66
0711_0022_0043_0046_0046.jpg 1 22 43 46 46
0712_0007_0021_0035_0035.jpg 1 7 21 35 35
0713_0055_0047_0026_0026.jpg 1 55 47 26 26
0714_0047_0008_0036_0036.jpg 1 47 8 36 36
0715_0028_0031_0061_0061.jpg 1 28 31 61 61
0716_0008_0028_0053_0053.jpg 1 8 28 53 53
0717_0032_0038_0034_0034.jpg 1 32 38 34 34
0718_0024_0024_0032_0032.jpg 1 24 24 32 32
0719_0036_0016_0058_0058.jpg 1 36 16 58 58
0720_0010_0005_0057_0057.jpg 1 10 5 57 57
0721_0022_0011_0065_0065.jpg 1 22 11 65 65
0722_0028_0046_0034_0034.jpg 1 28 46 34 34
0723_0007_0037_0056_0056.jpg 1 7 37 56 56
0724_0018_0048_0036_0036.jpg 1 18 48 36 36
0725_0033_0006_0048_0048.jpg 1 33 6 48 48
0726_0010_0027_0056_0056.jpg 1 10 27 56 56
0727_0012_0027_0065_0065.jpg 1 12 27 65 65
0728_0011_0020_0069_0069.jpg 1 11 20 69 69
0729_0040_0022_0035_0035.jpg 1 40 22 35 35
0730_0013_0035_0060_0060.jpg 1 13 35 60 60
0731_0029_0022_0031_0031.jpg 1 29 22 31 31
0732_0012_0056_0033_0033.jpg 1 12 56 33 33
0733_0029_0025_0063_0063.jpg 1 29 25 63 63
0734_0019_0009_0024_0024.jpg 1 19 9 24 24
0735_0033_0026_0059_0059.jpg 1 33 26 59 59
0736_0010_0020_0043_0043.jpg 1 10 20 43 43
0737_0027_0016_0069_0069.jpg 1 27 16 69 69
0738_0017_0045_0038_0038.jpg 1 17 45 38 38
0739_0029_0011_0032_0032.jpg 1 29 11 32 32
0740_0013_0033_0053_0053.jpg 1 13 33 53 53
0741_0032_0007_0064_0064.jpg 1 32 7 64 64
0742_0006_0011_0069_0069.jpg 1 6 11 69 69
0743_0017_0021_0065_0065.jpg 1 17 21 65 65
0744_0012_0017_0060_0060.jpg 1 12 17 60 60
0745_0033_0010_0061_0061.jpg 1 33 10 61 61
0746_0016_0006_0065_0065.jpg 1 16 6 65 65
0747_0060_0029_0027_0027.jpg 1 60 29 27 27
0748_0014_0024_0037_0037.jpg 1 14 24 37 37
0749_0011_0027_0069_0069.jpg 1 11 27 69 69
0750_0024_0034_0053_0053.jpg 1 24 34 53 53
0751_0015_0012_0058_0058.jpg 1 15 12 58 58
0752_0014_0042_0051_0051.jpg 1 14 42 51 51
0753_0009_0019_0068_0068.jpg 1 9 19 68 68
0754_0015_0026_0061_0061.jpg 1 15 26 61 61
0755_0042_0039_0046_0046.jpg 1 42 39 46 46
0756_0019_0023_0054_0054.jpg 1 19 23 54 54
0757_0006_0046_0041_0041.jpg 1 6 46 41 41
0758_0027_0032_0045_0045.jpg 1 27 32 45 45
0759_0012_0005_0051_0051.jpg 1 12 5 51 51
0760_0016_0014_0059_0059.jpg 1 16 14 59 59
0761_0022_0027_0064_0064.jpg 1 22 27 64 64
0762_0056_0050_0028_0028.jpg 1 56 50 28 28
0763_0024_0005_0065_0065.jpg 1 24 5 65 65
0764_0029_0035_0058_0058.jpg 1 29 35 58 58
0765_0012_0032_0060_0060.jpg 1 12 32 60 60
0766_0042_0042_0040_0040.jpg 1 42 42 40 40
0767_0049_0043_0042_0042.jpg 1 49 43 42 42
0768_0053_0042_0032_0032.jpg 1 53 42 32 32
0769_0010_0013_0069_0069.jpg 1 10 13 69 69
0770_0054_0018_0025_0025.jpg 1 54 18 25 25
0771_0025_0010_0064_0064.jpg 1 25 10 64 64
0772_0036_0020_0052_0052.jpg 1 36 20 52 52
0773_0019_0054_0034_0034.jpg 1 19 54 34 34
0774_0011_0004_0064_0064.jpg 1 11 4 64 64
0775_0017_0025_0037_0037.jpg 1 17 25 37 37
0776_0030_0035_0043_0043.jpg 1 30 35 43 43
0777_0025_0032_0052_0052.jpg 1 25 32 52 52
0778_0045_0026_0033_0033.jpg 1 45 26 33 33
0779_0032_0027_0059_0059.jpg 1 32 27 59 59
0780_0034_0008_0056_0056.jpg 1 34 8 56 56
0781_0019_0026_0061_0061.jpg 1 19 26 61 61
0782_0015_0006_0055_0055.jpg 1 15 6 55 55
0783_0038_0029_0054_0054.jpg 1 38 29 54 54
0784_0045_0043_0029_0029.jpg 1 45 43 29 29
0785_0023_0009_0052_0052.jpg 1 23 9 52 52
0786_0008_0043_0032_0032.jpg 1 8 43 32 32
0787_0014_0017_0039_0039.jpg 1 14 17 39 39
0788_0048_0017_0044_0044.jpg 1 48 17 44 44
0789_0041_0038_0052_0052.jpg 1 41 38 52 52
0790_0058_0019_0025_0025.jpg 1 58 19 25 25
0791_0025_0032_0048_0048.jpg 1 25 32 48 48
0792_0024_0011_0031_0031.jpg 1 24 11 31 31
0793_0042_0048_0034_0034.jpg 1 42 48 34 34
0794_0028_0011_0038_0038.jpg 1 28 11 38 38
0795_0008_0012_0048_0048.jpg 1 8 12 48 48
0796_0043_0050_0033_0033.jpg 1 43 50 33 33
0797_0024_0025_0061_0061.jpg 1 24 25 61 61
0798_0023_0023_0059_0059.jpg 1 23 23 59 59
0799_0009_0026_0068_0068.jpg 1 9 26 68 68
0800_0038_0030_0027_0027.jpg 1 38 30 27 27
0801_0017_0004_0069_0069.jpg 1 17 4 69 69
0802_0023_0027_0054_0054.jpg 1 23 27 54 54
0803_0037_0019_0057_0057.jpg 1 37 19 57 57
0804_0036_0021_0052_0052.jpg 1 36 21 52 52
0805_0014_0023_0055_0055.jpg 1 14 23 55 55
0806_0037_0026_0055_0055.jpg 1 37 26 55 55
0807_0034_0042_0028_0028.jpg 1 34 42 28 28
0808_0018_0009_0048_0048.jpg 1 18 9 48 48
0809_0013_0015_0053_0053.jpg 1 13 15 53 53
0810_0038_0036_0038_0038.jpg 1 38 36 38 38
0811_0005_0023_0062_0062.jpg 1 5 23 62 62
0812_0022_0047_0041_0041.jpg 1 22 47 41 41
0813_0006_0026_0060_0060.jpg 1 6 26 60 60
0814_0028_0040_0026_0026.jpg 1 28 40 26 26
0815_0024_0012_0045_0045.jpg 1 24 12 45 45
0816_0062_0013_0024_0024.jpg 1 62 13 24 24
0817_0007_0020_0035_0035.jpg 1 7 20 35 35
0818_0037_0033_0025_0025.jpg 1 37 33 25 25
0819_0062_0018_0027_0027.jpg 1 62 18 27 27
0820_0007_0008_0069_0069.jpg 1 7 8 69 69
0821_0028_0006_0057_0057.jpg 1 28 6 57 57
0822_0032_0025_0053_0053.jpg 1 32 25 53 53
0823_0027_0024_0066_0066.jpg 1 27 24 66 66
0824_0028_0008_0065_0065.jpg 1 28 8 65 65
0825_0016_0015_0026_0026.jpg 1 16 15 26 26
0826_0019_0005_0068_0068.jpg 1 19 5 68 68
0827_0017_0037_0038_0038.jpg 1 17 37 38 38
0828_0034_0047_0046_0046.jpg 1 34 47 46 46
0829_0065_0054_0027_0027.jpg 1 65 54 27 27
0830_0048_0051_0032_0032.jpg 1 48 51 32 32
0831_0007_0008_0046_0046.jpg 1 7 8 46 46
0832_0018_0023_0042_0042.jpg 1 18 23 42 42
0833_0011_0029_0025_0025.jpg 1 11 29 25 25
0834_0043_0048_0029_0029.jpg 1 43 48 29 29
0835_0060_0027_0027_0027.jpg 1 60 27 27 27
0836_0019_0012_0052_0052.jpg 1 19 12 52 52
0837_0021_0018_0044_0044.jpg 1 21 18 44 44
0838_0008_0024_0046_0046.jpg 1 8 24 46 46
0839_0022_0027_0068_0068.jpg 1 22 27 68 68
0840_0014_0038_0051_0051.jpg 1 14 38 51 51
0841_0016_0017_0039_0039.jpg 1 16 17 39 39
0842_0046_0062_0030_0030.jpg 1 46 62 30 30
0843_0010_0004_0052_0052.jpg 1 10 4 52 52
0844_0007_0024_0061_0061.jpg 1 7 24 61 61
0845_0028_0032_0042_0042.jpg 1 28 32 42 42
0846_0025_0009_0065_0065.jpg 1 25 9 65 65
0847_0003_0011_0065_0065.jpg 1 3 11 65 65
0848_0024_0008_0055_0055.jpg 1 24 8 55 55
0849_0020_0051_0038_0038.jpg 1 20 51 38 38
0850_0047_0026_0036_0036.jpg 1 47 26 36 36
0851_0023_0037_0033_0033.jpg 1 23 37 33 33
0852_0013_0049_0027_0027.jpg 1 13 49 27 27
0853_0059_0053_0031_0031.jpg 1 59 53 31 31
0854_0039_0016_0033_0033.jpg 1 39 16 33 33
0855_0029_0011_0059_0059.jpg 1 29 11 59 59
0856_0025_0007_0040_0040.jpg 1 25 7 40 40
0857_0057_0040_0035_0035.jpg 1 57 40 35 35
0858_0037_0032_0048_0048.jpg 1 37 32 48 48
0859_0030_0011_0054_0054.jpg 1 30 11 54 54
0860_0015_0040_0053_0053.jpg 1 15 40 53 53
0861_0008_0042_0043_0043.jpg 1 8 42 43 43
0862_0013_0040_0043_0043.jpg 1 13 40 43 43
0863_0010_0024_0059_0059.jpg 1 10 24 59 59
0864_0028_0039_0049_0049.jpg 1 28 39 49 49
0865_0030_0006_0044_0044.jpg 1 30 6 44 44
0866_0032_0060_0024_0024.jpg 1 32 60 24 24
0867_0008_0029_0056_0056.jpg 1 8 29 56 56
0868_0040_0024_0041_0041.jpg 1 40 24 41 41
0869_0015_0052_0041_0041.jpg 1 15 52 41 41
0870_0038_0033_0056_0056.jpg 1 38 33 56 56
0871_0008_0042_0051_0051.jpg 1 8 42 51 51
0872_0020_0033_0036_0036.jpg 1 20 33 36 36
0873_0009_0012_0057_0057.jpg 1 9 12 57 57
0874_0042_0025_0044_0044.jpg 1 42 25 44 44
0875_0009_0014_0045_0045.jpg 1 9 14 45 45
0876_0029_0014_0057_0057.jpg 1 29 14 57 57
0877_0012_0023_0041_0041.jpg 1 12 23 41 41
0878_0030_0030_0038_0038.jpg 1 30 30 38 38
0879_0021_0020_0051_0051.jpg 1 21 20 51 51
0880_0043_0024_0040_0040.jpg 1 43 24 40 40
0881_0035_0034_0028_0028.jpg 1 35 34 28 28
0882_0026_0006_0069_0069.jpg 1 26 6 69 69
0883_0014_0043_0044_0044.jpg 1 14 43 44 44
0884_0011_0030_0053_0053.jpg 1 11 30 53 53
0885_0023_0019_0048_0048.jpg 1 23 19 48 48
0886_0014_0017_0045_0045.jpg 1 14 17 45 45
0887_0038_0029_0057_0057.jpg 1 38 29 57 57
0888_0025_0055_0027_0027.jpg 1 25 55 27 27
0889_0017_0009_0064_0064.jpg 1 17 9 64 64
0890_0044_0021_0047_0047.jpg 1 44 21 47 47
0891_0029_0042_0037_0037.jpg 1 29 42 37 37
0892_0008_0007_0047_0047.jpg 1 8 7 47 47
0893_0019_0033_0056_0056.jpg 1 19 33 56 56
0894_0006_0012_0051_0051.jpg 1 6 12 51 51
0895_0008_0012_0051_0051.jpg 1 8 12 51 51
0896_0030_0015_0039_0039.jpg 1 30 15 39 39
0897_0046_0052_0028_0028.jpg 1 46 52 28 28
0898_0046_0018_0031_0031.jpg 1 46 18 31 31
0899_0020_0008_0068_0068.jpg 1 20 8 68 68
0900_0045_0028_0037_0037.jpg 1 45 28 37 37
0901_0053_0046_0028_0028.jpg 1 53 46 28 28
0902_0028_0010_0066_0066.jpg 1 28 10 66 66
0903_0008_0046_0029_0029.jpg 1 8 46 29 29
0904_0024_0016_0055_0055.jpg 1 24 16 55 55
0905_0037_0007_0054_0054.jpg 1 37 7 54 54
0906_0006_0035_0053_0053.jpg 1 6 35 53 53
0907_0041_0010_0049_0049.jpg 1 41 10 49 49
0908_0016_0031_0045_0045.jpg 1 16 31 45 45
0909_0012_0055_0034_0034.jpg 1 12 55 34 34
0910_0011_0041_0045_0045.jpg 1 11 41 45 45
0911_0012_0013_0068_0068.jpg 1 12 13 68 68
0912_0035_0012_0051_0051.jpg 1 35 12 51 51
0913_0048_0046_0040_0040.jpg 1 48 46 40 40
0914_0051_0059_0032_0032.jpg 1 51 59 32 32
0915_0021_0036_0059_0059.jpg 1 21 36 59 59
0916_0014_0022_0057_0057.jpg 1 14 22 57 57
0917_0022_0011_0063_0063.jpg 1 22 11 63 63
0918_0023_0020_0057_0057.jpg 1 23 20 57 57
0919_0017_0005_0060_0060.jpg 1 17 5 60 60
0920_0018_0015_0065_0065.jpg 1 18 15 65 65
0921_0022_0025_0056_0056.jpg 1 22 25 56 56
0922_0039_0028_0031_0031.jpg 1 39 28 31 31
0923_0026_0031_0062_0062.jpg 1 26 31 62 62
0924_0023_0042_0034_0034.jpg 1 23 42 34 34
0925_0014_0015_0061_0061.jpg 1 14 15 61 61
0926_0012_0026_0065_0065.jpg 1 12 26 65 65
0927_0020_0015_0067_0067.jpg 1 20 15 67 67
0928_0013_0029_0033_0033.jpg 1 13 29 33 33
0929_0022_0011_0024_0024.jpg 1 22 11 24 24
0930_0018_0027_0048_0048.jpg 1 18 27 48 48
0931_0025_0009_0067_0067.jpg 1 25 9 67 67
0932_0017_0017_0057_0057.jpg 1 17 17 57 57
0933_0063_0021_0025_0025.jpg 1 63 21 25 25
0934_0011_0017_0065_0065.jpg 1 11 17 65 65
0935_0017_0022_0060_0060.jpg 1 17 22 60 60
0936_0052_0054_0025_0025.jpg 1 52 54 25 25
0937_0006_0041_0050_0050.jpg 1 6 41 50 50
0938_0042_0061_0031_0031.jpg 1 42 61 31 31
0939_0050_0026_0043_0043.jpg 1 50 26 43 43
0940_0047_0033_0035_0035.jpg 1 47 33 35 35
0941_0028_0015_0068_0068.jpg 1 28 15 68 68
0942_0047_0021_0040_0040.jpg 1 47 21 40 40
0943_0024_0033_0038_0038.jpg 1 24 33 38 38
0944_0037_0014_0045_0045.jpg 1 37 14 45 45
0945_0029_0007_0031_0031.jpg 1 29 7 31 31
0946_0026_0022_0068_0068.jpg 1 26 22 68 68
0947_0020_0020_0068_0068.jpg 1 20 20 68 68
0948_0038_0016_0037_0037.jpg 1 38 16 37 37
0949_0031_0014_0035_0035.jpg 1 31 14 35 35
0950_0032_0016_0036_0036.jpg 1 32 16 36 36
0951_0038_0036_0026_0026.jpg 1 38 36 26 26
0952_0012_0051_0030_0030.jpg 1 12 51 30 30
0953_0060_0031_0032_0032.jpg 1 60 31 32 32
0954_0040_0012_0032_0032.jpg 1 40 12 32 32
0955_0026_0012_0054_0054.jpg 1 26 12 54 54
0956_0033_0020_0033_0033.jpg 1 33 20 33 33
0957_0013_0022_0069_0069.jpg 1 13 22 69 69
0958_0033_0035_0027_0027.jpg 1 33 35 27 27
0959_0020_0018_0050_0050.jpg 1 20 18 50 50
0960_0052_0014_0025_0025.jpg 1 52 14 25 25
0961_0005_0026_0052_0052.jpg 1 5 26 52 52
0962_0011_0014_0030_0030.jpg 1 11 14 30 30
0963_0018_0026_0069_0069.jpg 1 18 26 69 69
0964_0056_0012_0031_0031.jpg 1 56 12 31 31
0965_0034_0041_0040_0040.jpg 1 34 41 40 40
0966_0028_0041_0033_0033.jpg 1 28 41 33 33
0967_0027_0030_0066_0066.jpg 1 27 30 66 66
0968_0005_0016_0060_0060.jpg 1 5 16 60 60
0969_0010_0040_0038_0038.jpg 1 10 40 38 38
0970_0030_0030_0038_0038.jpg 1 30 30 38 38
0971_0032_0014_0037_0037.jpg 1 32 14 37 37
0972_0029_0004_0065_0065.jpg 1 29 4 65 65
0973_0029_0025_0067_0067.jpg 1 29 25 67 67
0974_0020_0020_0062_0062.jpg 1 20 20 62 62
0975_0023_0014_0038_0038.jpg 1 23 14 38 38
0976_0006_0045_0037_0037.jpg 1 6 45 37 37
0977_0036_0019_0056_0056.jpg 1 36 19 56 56
0978_0018_0037_0057_0057.jpg 1 18 37 57 57
0979_0005_0035_0059_0059.jpg 1 5 35 59 59
0980_0006_0016_0044_0044.jpg 1 6 16 44 44
0981_0011_0005_0042_0042.jpg 1 11 5 42 42
0982_0032_0021_0032_0032.jpg 1 32 21 32 32
0983_0033_0022_0031_0031.jpg 1 33 22 31 31
0984_0024_0008_0041_0041.jpg 1 24 8 41 41
0985_0011_0035_0051_0051.jpg 1 11 35 51 51
0986_0039_0021_0034_0034.jpg 1 39 21 34 34
0987_0040_0036_0043_0043.jpg 1 40 36 43 43
0988_0007_0014_0052_0052.jpg 1 7 14 52 52
0989_0013_0035_0045_0045.jpg 1 13 35 45 45
0990_0039_0042_0045_0045.jpg 1 39 42 45 45
0991_0024_0027_0030_0030.jpg 1 24 27 30 30
0992_0024_0048_0040_0040.jpg 1 24 48 40 40
0993_0036_0009_0030_0030.jpg 1 36 9 30 30
0994_0035_0025_0050_0050.jpg 1 35 25 50 50
0995_0023_0009_0053_0053.jpg 1 23 9 53 53
0996_0051_0029_0041_0041.jpg 1 51 29 41 41
0997_0049_0031_0035_0035.jpg 1 49 31 35 35
0998_0025_0009_0061_0061.jpg 1 25 9 61 61
0999_0009_0010_0068_0068.jpg 1 9 10 68 68
1000_0032_0032_0062_0062.jpg 1 32 32 62 62
1001_0017_0016_0053_0053.jpg 1 17 16 53 53
1002_0015_0028_0052_0052.jpg 1 15 28 52 52
1003_0028_0008_0050_0050.jpg 1 28 8 50 50
1004_0036_0039_0045_0045.jpg 1 36 39 45 45
1005_0037_0056_0036_0036.jpg 1 37 56 36 36
1006_0022_0020_0066_0066.jpg 1 22 20 66 66
1007_0052_0045_0041_0041.jpg 1 52 45 41 41
1008_0021_0031_0062_0062.jpg 1 21 31 62 62
1009_0027_0028_0044_0044.jpg 1 27 28 44 44
1010_0028_0036_0040_0040.jpg 1 28 36 40 40
1011_0013_0037_0054_0054.jpg 1 13 37 54 54
1012_0018_0019_0067_0067.jpg 1 18 19 67 67
1013_0005_0027_0063_0063.jpg 1 5 27 63 63
1014_0017_0009_0057_0057.jpg 1 17 9 57 57
1015_0008_0050_0026_0026.jpg 1 8 50 26 26
1016_0032_0025_0033_0033.jpg 1 32 25 33 33
1017_0009_0024_0048_0048.jpg 1 9 24 48 48
1018_0026_0018_0065_0065.jpg 1 26 18 65 65
1019_0037_0017_0038_0038.jpg 1 37 17 38 38
1020_0028_0026_0067_0067.jpg 1 28 26 67 67
1021_0040_0009_0025_0025.jpg 1 40 9 25 25
1022_0028_0016_0056_0056.jpg 1 28 16 56 56
1023_0012_0021_0068_0068.jpg 1 12 21 68 68
1024_0054_0042_0039_0039.jpg 1 54 42 39 39
1025_0038_0015_0034_0034.jpg 1 38 15 34 34
1026_0050_0030_0039_0039.jpg 1 50 30 39 39
1027_0023_0039_0039_0039.jpg 1 23 39 39 39
1028_0011_0013_0057_0057.jpg 1 11 13 57 57
1029_0038_0043_0047_0047.jpg 1 38 43 47 47
1030_0024_0008_0033_0033.jpg 1 24 8 33 33
1031_0014_0026_0067_0067.jpg 1 14 26 67 67
1032_0021_0029_0062_0062.jpg 1 21 29 62 62
1033_0061_0010_0027_0027.jpg 1 61 10 27 27
1034_0013_0051_0034_0034.jpg 1 13 51 34 34
1035_0005_0015_0062_0062.jpg 1 5 15 62 62
1036_0013_0035_0044_0044.jpg 1 13 35 44 44
1037_0021_0022_0037_0037.jpg 1 21 22 37 37
1038_0030_0032_0048_0048.jpg 1 30 32 48 48
1039_0009_0007_0028_0028.jpg 1 9 7 28 28
1040_0028_0029_0034_0034.jpg 1 28 29 34 34
1041_0032_0029_0064_0064.jpg 1 32 29 64 64
1042_0032_0022_0064_0064.jpg 1 32 22 64 64
1043_0037_0026_0052_0052.jpg 1 37 26 52 52
1044_0051_0010_0036_0036.jpg 1 51 10 36 36
1045_0031_0031_0035_0035.jpg 1 31 31 35 35
1046_0008_0018_0032_0032.jpg 1 8 18 32 32
1047_0018_0042_0047_0047.jpg 1 18 42 47 47
1048_0043_0057_0029_0029.jpg 1 43 57 29 29
1049_0006_0006_0069_0069.jpg 1 6 6 69 69
1050_0010_0025_0037_0037.jpg 1 10 25 37 37
1051_0008_0013_0067_0067.jpg 1 8 13 67 67
1052_0028_0021_0059_0059.jpg 1 28 21 59 59
1053_0024_0027_0026_0026.jpg 1 24 27 26 26
1054_0042_0024_0042_0042.jpg 1 42 24 42 42
1055_0012_0005_0057_0057.jpg 1 12 5 57 57
1056_0031_0016_0033_0033.jpg 1 31 16 33 33
1057_0022_0003_0069_0069.jpg 1 22 3 69 69
1058_0014_0022_0059_0059.jpg 1 14 22 59 59
1059_0016_0049_0045_0045.jpg 1 16 49 45 45
1060_0024_0038_0055_0055.jpg 1 24 38 55 55
1061_0008_0017_0051_0051.jpg 1 8 17 51 51
1062_0021_0009_0059_0059.jpg 1 21 9 59 59
1063_0020_0051_0033_0033.jpg 1 20 51 33 33
1064_0027_0006_0045_0045.jpg 1 27 6 45 45
1065_0030_0008_0061_0061.jpg 1 30 8 61 61
1066_0037_0025_0029_0029.jpg 1 37 25 29 29
1067_0026_0005_0063_0063.jpg 1 26 5 63 63
1068_0006_0041_0049_0049.jpg 1 6 41 49 49
1069_0050_0044_0043_0043.jpg 1 50 44 43 43
1070_0034_0038_0035_0035.jpg 1 34 38 35 35
1071_0022_0024_0068_0068.jpg 1 22 24 68 68
1072_0005_0009_0066_0066.jpg 1 5 9 66 66
1073_0004_0019_0069_0069.jpg 1 4 19 69 69
1074_0038_0007_0025_0025.jpg 1 38 7 25 25
1075_0006_0011_0056_0056.jpg 1 6 11 56 56
1076_0049_0028_0045_0045.jpg 1 49 28 45 45
1077_0017_0019_0028_0028.jpg 1 17 19 28 28
1078_0038_0048_0026_0026.jpg 1 38 48 26 26
1079_0011_0012_0059_0059.jpg 1 11 12 59 59
1080_0025_0013_0054_0054.jpg 1 25 13 54 54
1081_0007_0044_0043_0043.jpg 1 7 44 43 43
1082_0008_0026_0035_0035.jpg 1 8 26 35 35
1083_0009_0010_0030_0030.jpg 1 9 10 30 30
1084_0037_0012_0056_0056.jpg 1 37 12 56 56
1085_0038_0039_0038_0038.jpg 1 38 39 38 38
1086_0026_0018_0069_0069.jpg 1 26 18 69 69
1087_0010_0030_0061_0061.jpg 1 10 30 61 61
1088_0025_0028_0064_0064.jpg 1 25 28 64 64
1089_0014_0017_0054_0054.jpg 1 14 17 54 54
1090_0010_0011_0061_0061.jpg 1 10 11 61 61
1091_0008_0024_0050_0050.jpg 1 8 24 50 50
1092_0014_0023_0045_0045.jpg 1 14 23 45 45
1093_0019_0034_0062_0062.jpg 1 19 34 62 62
1094_0024_0013_0065_0065.jpg 1 24 13 65 65
1095_0006_0041_0050_0050.jpg 1 6 41 50 50
1096_0022_0024_0053_0053.jpg 1 22 24 53 53
1097_0032_0016_0031_0031.jpg 1 32 16 31 31
1098_0011_0015_0052_0052.jpg 1 11 15 52 52
1099_0022_0009_0064_0064.jpg 1 22 9 64 64
1100_0054_0033_0032_0032.jpg 1 54 33 32 32
1101_0054_0036_0031_0031.jpg 1 54 36 31 31
1102_0039_0031_0039_0039.jpg 1 39 31 39 39
1103_0017_0029_0067_0067.jpg 1 17 29 67 67
1104_0055_0054_0037_0037.jpg 1 55 54 37 37
1105_0028_0021_0068_0068.jpg 1 28 21 68 68
1106_0027_0026_0069_0069.jpg 1 27 26 69 69
1107_0011_0008_0037_0037.jpg 1 11 8 37 37
1108_0047_0030_0029_0029.jpg 1 47 30 29 29
1109_0025_0028_0059_0059.jpg 1 25 28 59 59
1110_0021_0027_0063_0063.jpg 1 21 27 63 63
1111_0037_0021_0050_0050.jpg 1 37 21 50 50
1112_0014_0013_0063_0063.jpg 1 14 13 63 63
1113_0039_0038_0041_0041.jpg 1 39 38 41 41
1114_0022_0063_0026_0026.jpg 1 22 63 26 26
1115_0030_0027_0059_0059.jpg 1 30 27 59 59
1116_0019_0035_0052_0052.jpg 1 19 35 52 52
1117_0010_0037_0057_0057.jpg 1 10 37 57 57
1118_0037_0006_0051_0051.jpg 1 37 6 51 51
1119_0020_0018_0035_0035.jpg 1 20 18 35 35
1120_0006_0012_0064_0064.jpg 1 6 12 64 64
1121_0041_0021_0049_0049.jpg 1 41 21 49 49
1122_0025_0025_0069_0069.jpg 1 25 25 69 69
1123_0012_0033_0042_0042.jpg 1 12 33 42 42
1124_0028_0014_0046_0046.jpg 1 28 14 46 46
1125_0023_0031_0045_0045.jpg 1 23 31 45 45
1126_0043_0047_0026_0026.jpg 1 43 47 26 26
1127_0013_0029_0049_0049.jpg 1 13 29 49 49
1128_0027_0028_0067_0067.jpg 1 27 28 67 67
1129_0011_0031_0058_0058.jpg 1 11 31 58 58
1130_0010_0032_0052_0052.jpg 1 10 32 52 52
1131_0012_0031_0062_0062.jpg 1 12 31 62 62
1132_0022_0027_0069_0069.jpg 1 22 27 69 69
1133_0020_0006_0061_0061.jpg 1 20 6 61 61
1134_0045_0033_0031_0031.jpg 1 45 33 31 31
1135_0019_0009_0060_0060.jpg 1 19 9 60 60
1136_0018_0042_0024_0024.jpg 1 18 42 24 24
1137_0058_0061_0031_0031.jpg 1 58 61 31 31
1138_0011_0042_0041_0041.jpg 1 11 42 41 41
1139_0023_0031_0059_0059.jpg 1 23 31 59 59
1140_0021_0012_0069_0069.jpg 1 21 12 69 69
1141_0015_0026_0062_0062.jpg 1 15 26 62 62
1142_0031_0020_0041_0041.jpg 1 31 20 41 41
1143_0016_0032_0062_0062.jpg 1 16 32 62 62
1144_0045_0020_0046_0046.jpg 1 45 20 46 46
1145_0029_0029_0054_0054.jpg 1 29 29 54 54
1146_0038_0011_0052_0052.jpg 1 38 11 52 52
1147_0013_0052_0029_0029.jpg 1 13 52 29 29
1148_0008_0027_0058_0058.jpg 1 8 27 58 58
1149_0030_0050_0024_0024.jpg 1 30 50 24 24
1150_0032_0029_0052_0052.jpg 1 32 29 52 52
1151_0029_0004_0067_0067.jpg 1 29 4 67 67
1152_0060_0028_0029_0029.jpg 1 60 28 29 29
1153_0041_0045_0038_0038.jpg 1 41 45 38 38
1154_0014_0036_0041_0041.jpg 1 14 36 41 41
1155_0034_0026_0055_0055.jpg 1 34 26 55 55
1156_0050_0008_0039_0039.jpg 1 50 8 39 39
1157_0006_0007_0056_0056.jpg 1 6 7 56 56
1158_0016_0020_0032_0032.jpg 1 16 20 32 32
1159_0022_0011_0063_0063.jpg 1 22 11 63 63
1160_0013_0030_0051_0051.jpg 1 13 30 51 51
1161_0031_0022_0063_0063.jpg 1 31 22 63 63
1162_0016_0021_0066_0066.jpg 1 16 21 66 66
1163_0023_0021_0057_0057.jpg 1 23 21 57 57
1164_0004_0020_0062_0062.jpg 1 4 20 62 62
1165_0023_0007_0048_0048.jpg 1 23 7 48 48
1166_0012_0008_0052_0052.jpg 1 12 8 52 52
1167_0033_0025_0056_0056.jpg 1 33 25 56 56
1168_0027_0033_0060_0060.jpg 1 27 33 60 60
1169_0016_0011_0059_0059.jpg 1 16 11 59 59
1170_0032_0046_0044_0044.jpg 1 32 46 44 44
1171_0007_0029_0048_0048.jpg 1 7 29 48 48
1172_0043_0047_0041_0041.jpg 1 43 47 41 41
1173_0022_0030_0054_0054.jpg 1 22 30 54 54
1174_0050_0026_0036_0036.jpg 1 50 26 36 36
1175_0004_0021_0063_0063.jpg 1 4 21 63 63
1176_0012_0026_0067_0067.jpg 1 12 26 67 67
1177_0035_0038_0041_0041.jpg 1 35 38 41 41
1178_0051_0029_0032_0032.jpg 1 51 29 32 32
1179_0026_0023_0068_0068.jpg 1 26 23 68 68
1180_0010_0004_0064_0064.jpg 1 10 4 64 64
1181_0013_0030_0052_0052.jpg 1 13 30 52 52
1182_0040_0040_0036_0036.jpg 1 40 40 36 36
1183_0016_0020_0054_0054.jpg 1 16 20 54 54
1184_0031_0005_0049_0049.jpg 1 31 5 49 49
1185_0031_0021_0063_0063.jpg 1 31 21 63 63
1186_0012_0017_0059_0059.jpg 1 12 17 59 59
1187_0020_0004_0059_0059.jpg 1 20 4 59 59
1188_0039_0017_0053_0053.jpg 1 39 17 53 53
1189_0018_0045_0033_0033.jpg 1 18 45 33 33
1190_0027_0040_0027_0027.jpg 1 27 40 27 27
1191_0025_0027_0044_0044.jpg 1 25 27 44 44
1192_0024_0030_0063_0063.jpg 1 24 30 63 63
1193_0051_0022_0035_0035.jpg 1 51 22 35 35
1194_0057_0058_0035_0035.jpg 1 57 58 35 35
1195_0036_0036_0054_0054.jpg 1 36 36 54 54
1196_0012_0014_0065_0065.jpg 1 12 14 65 65
1197_0061_0021_0025_0025.jpg 1 61 21 25 25
1198_0055_0051_0034_0034.jpg 1 55 51 34 34
1199_0014_0007_0061_0061.jpg 1 14 7 61 61
1200_0046_0051_0033_0033.jpg 1 46 51 33 33
1201_0027_0022_0067_0067.jpg 1 27 22 67 67
1202_0008_0023_0041_0041.jpg 1 8 23 41 41
1203_0019_0051_0039_0039.jpg 1 19 51 39 39
1204_0014_0033_0057_0057.jpg 1 14 33 57 57
1205_0041_0023_0044_0044.jpg 1 41 23 44 44
1206_0052_0048_0039_0039.jpg 1 52 48 39 39
1207_0004_0026_0053_0053.jpg 1 4 26 53 53
1208_0017_0014_0043_0043.jpg 1 17 14 43 43
1209_0027_0016_0063_0063.jpg 1 27 16 63 63
1210_0028_0009_0064_0064.jpg 1 28 9 64 64
1211_0008_0033_0048_0048.jpg 1 8 33 48 48
1212_0020_0039_0049_0049.jpg 1 20 39 49 49
1213_0011_0022_0060_0060.jpg 1 11 22 60 60
1214_0004_0009_0066_0066.jpg 1 4 9 66 66
1215_0064_0016_0026_0026.jpg 1 64 16 26 26
1216_0031_0015_0064_0064.jpg 1 31 15 64 64
1217_0017_0016_0031_0031.jpg 1 17 16 31 31
1218_0019_0019_0062_0062.jpg 1 19 19 62 62
1219_0039_0040_0053_0053.jpg 1 39 40 53 53
1220_0019_0005_0062_0062.jpg 1 19 5 62 62
1221_0018_0025_0048_0048.jpg 1 18 25 48 48
1222_0013_0038_0030_0030.jpg 1 13 38 30 30
1223_0024_0025_0048_0048.jpg 1 24 25 48 48
1224_0025_0012_0059_0059.jpg 1 25 12 59 59
1225_0018_0022_0065_0065.jpg 1 18 22 65 65
1226_0014_0054_0036_0036.jpg 1 14 54 36 36
1227_0013_0011_0068_0068.jpg 1 13 11 68 68
1228_0037_0021_0037_0037.jpg 1 37 21 37 37
1229_0047_0016_0042_0042.jpg 1 47 16 42 42
1230_0012_0027_0063_0063.jpg 1 12 27 63 63
1231_0014_0037_0034_0034.jpg 1 14 37 34 34
1232_0043_0041_0046_0046.jpg 1 43 41 46 46
1233_0037_0005_0057_0057.jpg 1 37 5 57 57
1234_0015_0016_0064_0064.jpg 1 15 16 64 64
1235_0045_0024_0034_0034.jpg 1 45 24 34 34
1236_0030_0052_0041_0041.jpg 1 30 52 41 41
1237_0037_0012_0046_0046.jpg 1 37 12 46 46
1238_0016_0032_0063_0063.jpg 1 16 32 63 63
1239_0021_0011_0043_0043.jpg 1 21 11 43 43
1240_0039_0032_0051_0051.jpg 1 39 32 51 51
1241_0010_0030_0045_0045.jpg 1 10 30 45 45
1242_0059_0067_0024_0024.jpg 1 59 67 24 24
1243_0023_0020_0039_0039.jpg 1 23 20 39 39
1244_0061_0056_0028_0028.jpg 1 61 56 28 28
1245_0044_0015_0045_0045.jpg 1 44 15 45 45
1246_0038_0064_0028_0028.jpg 1 38 64 28 28
1247_0008_0044_0030_0030.jpg 1 8 44 30 30
1248_0030_0011_0029_0029.jpg 1 30 11 29 29
1249_0022_0031_0052_0052.jpg 1 22 31 52 52
1250_0034_0004_0061_0061.jpg 1 34 4 61 61
1251_0007_0024_0046_0046.jpg 1 7 24 46 46
1252_0038_0045_0034_0034.jpg 1 38 45 34 34
1253_0056_0033_0036_0036.jpg 1 56 33 36 36
1254_0036_0039_0038_0038.jpg 1 36 39 38 38
1255_0008_0004_0066_0066.jpg 1 8 4 66 66
1256_0064_0046_0027_0027.jpg 1 64 46 27 27
1257_0012_0025_0033_0033.jpg 1 12 25 33 33
1258_0014_0015_0049_0049.jpg 1 14 15 49 49
1259_0018_0029_0066_0066.jpg 1 18 29 66 66
1260_0020_0031_0041_0041.jpg 1 20 31 41 41
1261_0017_0027_0069_0069.jpg 1 17 27 69 69
1262_0018_0035_0050_0050.jpg 1 18 35 50 50
1263_0051_0020_0025_0025.jpg 1 51 20 25 25
1264_0027_0013_0068_0068.jpg 1 27 13 68 68
1265_0035_0010_0052_0052.jpg 1 35 10 52 52
1266_0027_0029_0054_0054.jpg 1 27 29 54 54
1267_0017_0008_0058_0058.jpg 1 17 8 58 58
1268_0056_0036_0026_0026.jpg 1 56 36 26 26
1269_0028_0025_0031_0031.jpg 1 28 25 31 31
1270_0007_0013_0064_0064.jpg 1 7 13 64 64
1271_0009_0036_0058_0058.jpg 1 9 36 58 58
1272_0031_0013_0025_0025.jpg 1 31 13 25 25
1273_0027_0008_0040_0040.jpg 1 27 8 40 40
1274_0032_0018_0043_0043.jpg 1 32 18 43 43
1275_0008_0031_0062_0062.jpg 1 8 31 62 62
1276_0010_0005_0057_0057.jpg 1 10 5 57 57
1277_0033_0029_0032_0032.jpg 1 33 29 32 32
1278_0033_0012_0053_0053.jpg 1 33 12 53 53
1279_0008_0014_0064_0064.jpg 1 8 14 64 64
1280_0007_0004_0065_0065.jpg 1 7 4 65 65
1281_0007_0033_0038_0038.jpg 1 7 33 38 38
1282_0021_0008_0024_0024.jpg 1 21 8 24 24
1283_0031_0003_0064_0064.jpg 1 31 3 64 64
1284_0029_0031_0042_0042.jpg 1 29 31 42 42
1285_0030_0011_0053_0053.jpg 1 30 11 53 53
1286_0015_0024_0056_0056.jpg 1 15 24 56 56
1287_0010_0032_0056_0056.jpg 1 10 32 56 56
1288_0016_0009_0063_0063.jpg 1 16 9 63 63
1289_0040_0008_0051_0051.jpg 1 40 8 51 51
1290_0022_0034_0062_0062.jpg 1 22 34 62 62
1291_0021_0026_0058_0058.jpg 1 21 26 58 58
1292_0004_0015_0063_0063.jpg 1 4 15 63 63
1293_0023_0023_0054_0054.jpg 1 23 23 54 54
1294_0006_0033_0049_0049.jpg 1 6 33 49 49
1295_0012_0021_0051_0051.jpg 1 12 21 51 51
1296_0019_0043_0044_0044.jpg 1 19 43 44 44
1297_0027_0008_0045_0045.jpg 1 27 8 45 45
1298_0010_0042_0051_0051.jpg 1 10 42 51 51
1299_0017_0033_0053_0053.jpg 1 17 33 53 53
1300_0015_0031_0052_0052.jpg 1 15 31 52 52
1301_0017_0004_0063_0063.jpg 1 17 4 63 63
1302_0009_0022_0057_0057.jpg 1 9 22 57 57
1303_0020_0024_0059_0059.jpg 1 20 24 59 59
1304_0043_0042_0035_0035.jpg 1 43 42 35 35
1305_0055_0046_0032_0032.jpg 1 55 46 32 32
1306_0030_0046_0040_0040.jpg 1 30 46 40 40
1307_0037_0014_0056_0056.jpg 1 37 14 56 56
1308_0013_0019_0064_0064.jpg 1 13 19 64 64
1309_0033_0006_0052_0052.jpg 1 33 6 52 52
1310_0019_0027_0038_0038.jpg 1 19 27 38 38
1311_0063_0063_0025_0025.jpg 1 63 63 25 25
1312_0050_0055_0035_0035.jpg 1 50 55 35 35
1313_0011_0019_0065_0065.jpg 1 11 19 65 65
1314_0029_0016_0034_0034.jpg 1 29 16 34 34
1315_0020_0035_0052_0052.jpg 1 20 35 52 52
1316_0026_0019_0068_0068.jpg 1 26 19 68 68
1317_0013_0025_0025_0025.jpg 1 13 25 25 25
1318_0022_0033_0062_0062.jpg 1 22 33 62 62
1319_0019_0010_0066_0066.jpg 1 19 10 66 66
1320_0007_0037_0052_0052.jpg 1 7 37 52 52
1321_0023_0030_0061_0061.jpg 1 23 30 61 61
1322_0027_0031_0058_0058.jpg 1 27 31 58 58
1323_0014_0005_0068_0068.jpg 1 14 5 68 68
1324_0042_0035_0033_0033.jpg 1 42 35 33 33
1325_0062_0031_0030_0030.jpg 1 62 31 30 30
1326_0031_0020_0045_0045.jpg 1 31 20 45 45
1327_0036_0008_0050_0050.jpg 1 36 8 50 50
1328_0038_0041_0043_0043.jpg 1 38 41 43 43
1329_0024_0008_0046_0046.jpg 1 24 8 46 46
1330_0030_0063_0028_0028.jpg 1 30 63 28 28
1331_0012_0006_0035_0035.jpg 1 12 6 35 35
1332_0009_0009_0046_0046.jpg 1 9 9 46 46
1333_0024_0026_0054_0054.jpg 1 24 26 54 54
1334_0017_0009_0058_0058.jpg 1 17 9 58 58
1335_0004_0022_0067_0067.jpg 1 4 22 67 67
1336_0041_0045_0039_0039.jpg 1 41 45 39 39
1337_0012_0018_0067_0067.jpg 1 12 18 67 67
1338_0022_0028_0060_0060.jpg 1 22 28 60 60
1339_0005_0013_0068_0068.jpg 1 5 13 68 68
1340_0031_0025_0065_0065.jpg 1 31 25 65 65
1341_0027_0042_0031_0031.jpg 1 27 42 31 31
1342_0034_0029_0055_0055.jpg 1 34 29 55 55
1343_0022_0044_0045_0045.jpg 1 22 44 45 45
1344_0005_0025_0045_0045.jpg 1 5 25 45 45
1345_0038_0045_0044_0044.jpg 1 38 45 44 44
1346_0019_0058_0033_0033.jpg 1 19 58 33 33
1347_0028_0033_0059_0059.jpg 1 28 33 59 59
1348_0029_0015_0050_0050.jpg 1 29 15 50 50
1349_0029_0021_0057_0057.jpg 1 29 21 57 57
1350_0006_0013_0061_0061.jpg 1 6 13 61 61
1351_0012_0010_0069_0069.jpg 1 12 10 69 69
1352_0013_0008_0053_0053.jpg 1 13 8 53 53
1353_0009_0006_0056_0056.jpg 1 9 6 56 56
1354_0010_0016_0065_0065.jpg 1 10 16 65 65
1355_0005_0032_0051_0051.jpg 1 5 32 51 51
1356_0028_0030_0033_0033.jpg 1 28 30 33 33
1357_0023_0008_0047_0047.jpg 1 23 8 47 47
1358_0011_0021_0054_0054.jpg 1 11 21 54 54
1359_0015_0018_0049_0049.jpg 1 15 18 49 49
1360_0045_0020_0045_0045.jpg 1 45 20 45 45
1361_0019_0020_0048_0048.jpg 1 19 20 48 48
1362_0028_0036_0052_0052.jpg 1 28 36 52 52
1363_0031_0013_0064_0064.jpg 1 31 13 64 64
1364_0007_0021_0053_0053.jpg 1 7 21 53 53
1365_0014_0037_0056_0056.jpg 1 14 37 56 56
1366_0042_0009_0042_0042.jpg 1 42 9 42 42
1367_0007_0050_0027_0027.jpg 1 7 50 27 27
1368_0030_0016_0055_0055.jpg 1 30 16 55 55
1369_0007_0017_0069_0069.jpg 1 7 17 69 69
1370_0037_0045_0049_0049.jpg 1 37 45 49 49
1371_0030_0028_0053_0053.jpg 1 30 28 53 53
1372_0034_0022_0027_0027.jpg 1 34 22 27 27
1373_0022_0051_0028_0028.jpg 1 22 51 28 28
1374_0029_0019_0064_0064.jpg 1 29 19 64 64
1375_0019_0014_0030_0030.jpg 1 19 14 30 30
1376_0040_0026_0031_0031.jpg 1 40 26 31 31
1377_0009_0016_0035_0035.jpg 1 9 16 35 35
1378_0010_0017_0041_0041.jpg 1 10 17 41 41
1379_0046_0019_0028_0028.jpg 1 46 19 28 28
1380_0029_0035_0049_0049.jpg 1 29 35 49 49
1381_0019_0026_0057_0057.jpg 1 19 26 57 57
1382_0035_0011_0043_0043.jpg 1 35 11 43 43
1383_0025_0038_0051_0051.jpg 1 25 38 51 51
1384_0056_0056_0030_0030.jpg 1 56 56 30 30
1385_0008_0028_0031_0031.jpg 1 8 28 31 31
1386_0024_0036_0049_0049.jpg 1 24 36 49 49
1387_0021_0025_0061_0061.jpg 1 21 25 61 61
1388_0031_0042_0038_0038.jpg 1 31 42 38 38
1389_0030_0020_0065_0065.jpg 1 30 20 65 65
1390_0012_0022_0031_0031.jpg 1 12 22 31 31
1391_0042_0034_0025_0025.jpg 1 42 34 25 25
1392_0029_0015_0057_0057.jpg 1 29 15 57 57
1393_0059_0054_0028_0028.jpg 1 59 54 28 28
1394_0018_0025_0057_0057.jpg 1 18 25 57 57
1395_0038_0028_0057_0057.jpg 1 38 28 57 57
1396_0007_0025_0043_0043.jpg 1 7 25 43 43
1397_0019_0061_0032_0032.jpg 1 19 61 32 32
1398_0024_0018_0063_0063.jpg 1 24 18 63 63
1399_0027_0036_0032_0032.jpg 1 27 36 32 32
1400_0026_0027_0066_0066.jpg 1 26 27 66 66
1401_0020_0059_0031_0031.jpg 1 20 59 31 31
1402_0004_0022_0064_0064.jpg 1 4 22 64 64
1403_0008_0023_0056_0056.jpg 1 8 23 56 56
1404_0018_0033_0027_0027.jpg 1 18 33 27 27
1405_0025_0013_0053_0053.jpg 1 25 13 53 53
1406_0063_0020_0029_0029.jpg 1 63 20 29 29
1407_0023_0039_0029_0029.jpg 1 23 39 29 29
1408_0034_0032_0051_0051.jpg 1 34 32 51 51
1409_0012_0009_0066_0066.jpg 1 12 9 66 66
1410_0006_0005_0051_0051.jpg 1 6 5 51 51
1411_0032_0038_0055_0055.jpg 1 32 38 55 55
1412_0010_0018_0045_0045.jpg 1 10 18 45 45
1413_0020_0045_0045_0045.jpg 1 20 45 45 45
1414_0038_0016_0044_0044.jpg 1 38 16 44 44
1415_0026_0027_0063_0063.jpg 1 26 27 63 63
1416_0009_0010_0041_0041.jpg 1 9 10 41 41
1417_0014_0017_0056_0056.jpg 1 14 17 56 56
1418_0037_0026_0025_0025.jpg 1 37 26 25 25
1419_0035_0009_0055_0055.jpg 1 35 9 55 55
1420_0007_0017_0051_0051.jpg 1 7 17 51 51
1421_0033_0011_0042_0042.jpg 1 33 11 42 42
1422_0051_0018_0035_0035.jpg 1 51 18 35 35
1423_0021_0009_0036_0036.jpg 1 21 9 36 36
1424_0044_0028_0040_0040.jpg 1 44 28 40 40
1425_0035_0045_0035_0035.jpg 1 35 45 35 35
1426_0034_0042_0043_0043.jpg 1 34 42 43 43
1427_0010_0025_0064_0064.jpg 1 10 25 64 64
1428_0059_0045_0026_0026.jpg 1 59 45 26 26
1429_0014_0020_0056_0056.jpg 1 14 20 56 56
1430_0043_0041_0048_0048.jpg 1 43 41 48 48
1431_0041_0035_0050_0050.jpg 1 41 35 50 50
1432_0004_0012_0062_0062.jpg 1 4 12 62 62
1433_0034_0037_0040_0040.jpg 1 34 37 40 40
1434_0010_0006_0069_0069.jpg 1 10 6 69 69
1435_0039_0030_0037_0037.jpg 1 39 30 37 37
1436_0011_0007_0065_0065.jpg 1 11 7 65 65
1437_0030_0034_0029_0029.jpg 1 30 34 29 29
1438_0028_0048_0033_0033.jpg 1 28 48 33 33
1439_0006_0007_0054_0054.jpg 1 6 7 54 54
1440_0023_0022_0053_0053.jpg 1 23 22 53 53
1441_0012_0031_0038_0038.jpg 1 12 31 38 38
1442_0027_0006_0069_0069.jpg 1 27 6 69 69
1443_0028_0017_0058_0058.jpg 1 28 17 58 58
1444_0021_0019_0036_0036.jpg 1 21 19 36 36
1445_0015_0024_0039_0039.jpg 1 15 24 39 39
1446_0015_0026_0029_0029.jpg 1 15 26 29 29
1447_0038_0059_0033_0033.jpg 1 38 59 33 33
1448_0023_0005_0064_0064.jpg 1 23 5 64 64
1449_0023_0013_0048_0048.jpg 1 23 13 48 48
1450_0042_0052_0028_0028.jpg 1 42 52 28 28
1451_0056_0013_0026_0026.jpg 1 56 13 26 26
1452_0013_0040_0051_0051.jpg 1 13 40 51 51
1453_0046_0037_0033_0033.jpg 1 46 37 33 33
1454_0016_0047_0046_0046.jpg 1 16 47 46 46
1455_0009_0017_0059_0059.jpg 1 9 17 59 59
1456_0030_0029_0050_0050.jpg 1 30 29 50 50
1457_0032_0057_0024_0024.jpg 1 32 57 24 24
1458_0053_0054_0027_0027.jpg 1 53 54 27 27
1459_0020_0006_0067_0067.jpg 1 20 6 67 67
1460_0018_0011_0058_0058.jpg 1 18 11 58 58
1461_0007_0026_0052_0052.jpg 1 7 26 52 52
1462_0040_0030_0030_0030.jpg 1 40 30 30 30
1463_0033_0038_0032_0032.jpg 1 33 38 32 32
1464_0027_0046_0029_0029.jpg 1 27 46 29 29
1465_0024_0031_0062_0062.jpg 1 24 31 62 62
1466_0042_0039_0035_0035.jpg 1 42 39 35 35
1467_0046_0050_0036_0036.jpg 1 46 50 36 36
1468_0016_0021_0063_0063.jpg 1 16 21 63 63
1469_0037_0012_0058_0058.jpg 1 37 12 58 58
1470_0022_0013_0047_0047.jpg 1 22 13 47 47
1471_0044_0006_0050_0050.jpg 1 44 6 50 50
1472_0014_0024_0036_0036.jpg 1 14 24 36 36
1473_0044_0046_0031_0031.jpg 1 44 46 31 31
1474_0008_0007_0068_0068.jpg 1 8 7 68 68
1475_0058_0043_0025_0025.jpg 1 58 43 25 25
1476_0020_0021_0052_0052.jpg 1 20 21 52 52
1477_0022_0018_0024_0024.jpg 1 22 18 24 24
1478_0014_0007_0069_0069.jpg 1 14 7 69 69
1479_0016_0016_0063_0063.jpg 1 16 16 63 63
1480_0011_0013_0028_0028.jpg 1 11 13 28 28
1481_0018_0019_0069_0069.jpg 1 18 19 69 69
1482_0012_0027_0064_0064.jpg 1 12 27 64 64
1483_0021_0041_0040_0040.jpg 1 21 41 40 40
1484_0023_0039_0046_0046.jpg 1 23 39 46 46
1485_0039_0021_0040_0040.jpg 1 39 21 40 40
1486_0006_0031_0059_0059.jpg 1 6 31 59 59
1487_0036_0036_0059_0059.jpg 1 36 36 59 59
1488_0045_0044_0031_0031.jpg 1 45 44 31 31
1489_0032_0043_0028_0028.jpg 1 32 43 28 28
1490_0006_0023_0062_0062.jpg 1 6 23 62 62
1491_0033_0016_0049_0049.jpg 1 33 16 49 49
1492_0055_0015_0037_0037.jpg 1 55 15 37 37
1493_0008_0019_0061_0061.jpg 1 8 19 61 61
1494_0026_0024_0068_0068.jpg 1 26 24 68 68
1495_0016_0011_0028_0028.jpg 1 16 11 28 28
1496_0012_0038_0033_0033.jpg 1 12 38 33 33
1497_0008_0028_0063_0063.jpg 1 8 28 63 63
1498_0052_0007_0030_0030.jpg 1 52 7 30 30
1499_0032_0025_0062_0062.jpg 1 32 25 62 62
1500_0017_0023_0053_0053.jpg 1 17 23 53 53
1501_0027_0011_0059_0059.jpg 1 27 11 59 59
1502_0015_0015_0055_0055.jpg 1 15 15 55 55
1503_0027_0024_0065_0065.jpg 1 27 24 65 65
1504_0006_0017_0059_0059.jpg 1 6 17 59 59
1505_0044_0016_0027_0027.jpg 1 44 16 27 27
1506_0030_0056_0025_0025.jpg 1 30 56 25 25
1507_0022_0032_0063_0063.jpg 1 22 32 63 63
1508_0033_0034_0052_0052.jpg 1 33 34 52 52
1509_0020_0031_0055_0055.jpg 1 20 31 55 55
1510_0010_0034_0059_0059.jpg 1 10 34 59 59
1511_0025_0005_0060_0060.jpg 1 25 5 60 60
1512_0021_0023_0045_0045.jpg 1 21 23 45 45
1513_0022_0048_0046_0046.jpg 1 22 48 46 46
1514_0017_0027_0063_0063.jpg 1 17 27 63 63
1515_0035_0021_0060_0060.jpg 1 35 21 60 60
1516_0019_0021_0058_0058.jpg 1 19 21 58 58
1517_0010_0029_0050_0050.jpg 1 10 29 50 50
1518_0020_0015_0064_0064.jpg 1 20 15 64 64
1519_0022_0015_0063_0063.jpg 1 22 15 63 63
1520_0013_0016_0042_0042.jpg 1 13 16 42 42
1521_0057_0015_0028_0028.jpg 1 57 15 28 28
1522_0034_0008_0037_0037.jpg 1 34 8 37 37
1523_0032_0008_0056_0056.jpg 1 32 8 56 56
1524_0018_0007_0066_0066.jpg 1 18 7 66 66
1525_0006_0022_0064_0064.jpg 1 6 22 64 64
1526_0053_0046_0038_0038.jpg 1 53 46 38 38
1527_0015_0009_0067_0067.jpg 1 15 9 67 67
1528_0014_0028_0025_0025.jpg 1 14 28 25 25
1529_0023_0019_0063_0063.jpg 1 23 19 63 63
1530_0007_0014_0059_0059.jpg 1 7 14 59 59
1531_0020_0009_0067_0067.jpg 1 20 9 67 67
1532_0021_0033_0059_0059.jpg 1 21 33 59 59
1533_0015_0020_0066_0066.jpg 1 15 20 66 66
1534_0021_0016_0062_0062.jpg 1 21 16 62 62
1535_0012_0017_0067_0067.jpg 1 12 17 67 67
1536_0042_0030_0031_0031.jpg 1 42 30 31 31
1537_0044_0043_0046_0046.jpg 1 44 43 46 46
1538_0036_0046_0045_0045.jpg 1 36 46 45 45
1539_0032_0012_0056_0056.jpg 1 32 12 56 56
1540_0014_0027_0055_0055.jpg 1 14 27 55 55
1541_0033_0035_0053_0053.jpg 1 33 35 53 53
1542_0005_0009_0062_0062.jpg 1 5 9 62 62
1543_0004_0011_0059_0059.jpg 1 4 11 59 59
1544_0008_0017_0065_0065.jpg 1 8 17 65 65
1545_0019_0052_0030_0030.jpg 1 19 52 30 30
1546_0032_0046_0045_0045.jpg 1 32 46 45 45
1547_0012_0035_0026_0026.jpg 1 12 35 26 26
1548_0026_0005_0060_0060.jpg 1 26 5 60 60
1549_0025_0026_0041_0041.jpg 1 25 26 41 41
1550_0021_0018_0037_0037.jpg 1 21 18 37 37
1551_0025_0031_0057_0057.jpg 1 25 31 57 57
1552_0038_0007_0039_0039.jpg 1 38 7 39 39
1553_0016_0028_0029_0029.jpg 1 16 28 29 29
1554_0012_0034_0060_0060.jpg 1 12 34 60 60
1555_0007_0017_0069_0069.jpg 1 7 17 69 69
1556_0037_0032_0030_0030.jpg 1 37 32 30 30
1557_0024_0005_0060_0060.jpg 1 24 5 60 60
1558_0026_0009_0054_0054.jpg 1 26 9 54 54
1559_0041_0062_0030_0030.jpg 1 41 62 30 30
1560_0015_0030_0064_0064.jpg 1 15 30 64 64
1561_0039_0040_0052_0052.jpg 1 39 40 52 52
1562_0011_0012_0035_0035.jpg 1 11 12 35 35
1563_0006_0014_0063_0063.jpg 1 6 14 63 63
1564_0015_0012_0066_0066.jpg 1 15 12 66 66
1565_0034_0010_0059_0059.jpg 1 34 10 59 59
1566_0034_0038_0036_0036.jpg 1 34 38 36 36
1567_0023_0020_0068_0068.jpg 1 23 20 68 68
1568_0037_0016_0024_0024.jpg 1 37 16 24 24
1569_0040_0026_0049_0049.jpg 1 40 26 49 49
1570_0036_0034_0037_0037.jpg 1 36 34 37 37
1571_0029_0025_0046_0046.jpg 1 29 25 46 46
1572_0025_0010_0067_0067.jpg 1 25 10 67 67
1573_0024_0025_0063_0063.jpg 1 24 25 63 63
1574_0019_0018_0069_0069.jpg 1 19 18 69 69
1575_0029_0039_0040_0040.jpg 1 29 39 40 40
1576_0021_0018_0049_0049.jpg 1 21 18 49 49
1577_0012_0004_0051_0051.jpg 1 12 4 51 51
1578_0012_0009_0051_0051.jpg 1 12 9 51 51
1579_0005_0016_0065_0065.jpg 1 5 16 65 65
1580_0013_0006_0060_0060.jpg 1 13 6 60 60
1581_0021_0017_0041_0041.jpg 1 21 17 41 41
1582_0014_0051_0042_0042.jpg 1 14 51 42 42
1583_0028_0031_0052_0052.jpg 1 28 31 52 52
1584_0028_0012_0026_0026.jpg 1 28 12 26 26
1585_0020_0009_0046_0046.jpg 1 20 9 46 46
1586_0035_0048_0032_0032.jpg 1 35 48 32 32
1587_0020_0025_0064_0064.jpg 1 20 25 64 64
1588_0018_0024_0055_0055.jpg 1 18 24 55 55
1589_0022_0025_0031_0031.jpg 1 22 25 31 31
1590_0042_0066_0025_0025.jpg 1 42 66 25 25
1591_0042_0011_0035_0035.jpg 1 42 11 35 35
1592_0017_0017_0048_0048.jpg 1 17 17 48 48
1593_0023_0040_0053_0053.jpg 1 23 40 53 53
1594_0036_0035_0055_0055.jpg 1 36 35 55 55
1595_0028_0026_0026_0026.jpg 1 28 26 26 26
1596_0048_0032_0036_0036.jpg 1 48 32 36 36
1597_0033_0025_0033_0033.jpg 1 33 25 33 33
1598_0017_0026_0058_0058.jpg 1 17 26 58 58
1599_0039_0005_0048_0048.jpg 1 39 5 48 48
1600_0004_0004_0068_0068.jpg 1 4 4 68 68
1601_0038_0059_0028_0028.jpg 1 38 59 28 28
1602_0014_0006_0050_0050.jpg 1 14 6 50 50
1603_0036_0008_0039_0039.jpg 1 36 8 39 39
1604_0009_0018_0062_0062.jpg 1 9 18 62 62
1605_0026_0020_0045_0045.jpg 1 26 20 45 45
1606_0037_0016_0058_0058.jpg 1 37 16 58 58
1607_0052_0016_0041_0041.jpg 1 52 16 41 41
1608_0011_0018_0063_0063.jpg 1 11 18 63 63
1609_0020_0014_0052_0052.jpg 1 20 14 52 52
1610_0018_0016_0062_0062.jpg 1 18 16 62 62
1611_0040_0012_0046_0046.jpg 1 40 12 46 46
1612_0056_0041_0024_0024.jpg 1 56 41 24 24
1613_0031_0047_0029_0029.jpg 1 31 47 29 29
1614_0005_0015_0067_0067.jpg 1 5 15 67 67
1615_0045_0047_0043_0043.jpg 1 45 47 43 43
1616_0005_0033_0054_0054.jpg 1 5 33 54 54
1617_0049_0049_0030_0030.jpg 1 49 49 30 30
1618_0011_0010_0025_0025.jpg 1 11 10 25 25
1619_0014_0050_0040_0040.jpg 1 14 50 40 40
1620_0025_0003_0067_0067.jpg 1 25 3 67 67
1621_0020_0061_0025_0025.jpg 1 20 61 25 25
1622_0021_0003_0068_0068.jpg 1 21 3 68 68
1623_0052_0037_0033_0033.jpg 1 52 37 33 33
1624_0047_0020_0038_0038.jpg 1 47 20 38 38
1625_0011_0006_0051_0051.jpg 1 11 6 51 51
1626_0020_0006_0059_0059.jpg 1 20 6 59 59
1627_0025_0006_0064_0064.jpg 1 25 6 64 64
1628_0046_0046_0024_0024.jpg 1 46 46 24 24
1629_0013_0030_0028_0028.jpg 1 13 30 28 28
1630_0008_0016_0032_0032.jpg 1 8 16 32 32
1631_0039_0040_0052_0052.jpg 1 39 40 52 52
1632_0041_0057_0024_0024.jpg 1 41 57 24 24
1633_0048_0036_0032_0032.jpg 1 48 36 32 32
1634_0047_0028_0029_0029.jpg 1 47 28 29 29
1635_0064_0034_0026_0026.jpg 1 64 34 26 26
1636_0017_0049_0041_0041.jpg 1 17 49 41 41
1637_0022_0008_0062_0062.jpg 1 22 8 62 62
1638_0019_0009_0028_0028.jpg 1 19 9 28 28
1639_0011_0005_0065_0065.jpg 1 11 5 65 65
1640_0012_0005_0066_0066.jpg 1 12 5 66 66
1641_0027_0057_0025_0025.jpg 1 27 57 25 25
1642_0024_0019_0069_0069.jpg 1 24 19 69 69
1643_0027_0062_0026_0026.jpg 1 27 62 26 26
1644_0046_0050_0043_0043.jpg 1 46 50 43 43
1645_0024_0034_0053_0053.jpg 1 24 34 53 53
1646_0027_0007_0041_0041.jpg 1 27 7 41 41
1647_0040_0037_0053_0053.jpg 1 40 37 53 53
1648_0023_0022_0031_0031.jpg 1 23 22 31 31
1649_0034_0036_0045_0045.jpg 1 34 36 45 45
1650_0035_0029_0027_0027.jpg 1 35 29 27 27
1651_0066_0064_0025_0025.jpg 1 66 64 25 25
1652_0007_0007_0052_0052.jpg 1 7 7 52 52
1653_0019_0038_0044_0044.jpg 1 19 38 44 44
1654_0011_0058_0031_0031.jpg 1 11 58 31 31
1655_0012_0024_0068_0068.jpg 1 12 24 68 68
1656_0036_0021_0024_0024.jpg 1 36 21 24 24
1657_0032_0025_0063_0063.jpg 1 32 25 63 63
1658_0030_0039_0049_0049.jpg 1 30 39 49 49
1659_0014_0012_0065_0065.jpg 1 14 12 65 65
1660_0011_0036_0048_0048.jpg 1 11 36 48 48
1661_0042_0007_0038_0038.jpg 1 42 7 38 38
1662_0050_0010_0027_0027.jpg 1 50 10 27 27
1663_0025_0007_0036_0036.jpg 1 25 7 36 36
1664_0041_0054_0028_0028.jpg 1 41 54 28 28
1665_0013_0049_0044_0044.jpg 1 13 49 44 44
1666_0007_0011_0036_0036.jpg 1 7 11 36 36
1667_0005_0005_0058_0058.jpg 1 5 5 58 58
1668_0039_0052_0035_0035.jpg 1 39 52 35 35
1669_0048_0037_0034_0034.jpg 1 48 37 34 34
1670_0017_0023_0058_0058.jpg 1 17 23 58 58
1671_0038_0027_0045_0045.jpg 1 38 27 45 45
1672_0027_0023_0065_0065.jpg 1 27 23 65 65
1673_0019_0004_0056_0056.jpg 1 19 4 56 56
1674_0054_0045_0029_0029.jpg 1 54 45 29 29
1675_0028_0040_0048_0048.jpg 1 28 40 48 48
1676_0012_0032_0059_0059.jpg 1 12 32 59 59
1677_0029_0013_0057_0057.jpg 1 29 13 57 57
1678_0043_0019_0050_0050.jpg 1 43 19 50 50
1679_0017_0018_0059_0059.jpg 1 17 18 59 59
1680_0006_0038_0040_0040.jpg 1 6 38 40 40
1681_0024_0033_0035_0035.jpg 1 24 33 35 35
1682_0050_0039_0029_0029.jpg 1 50 39 29 29
1683_0040_0032_0032_0032.jpg 1 40 32 32 32
1684_0032_0037_0029_0029.jpg 1 32 37 29 29
1685_0020_0022_0069_0069.jpg 1 20 22 69 69
1686_0015_0021_0052_0052.jpg 1 15 21 52 52
1687_0023_0006_0050_0050.jpg 1 23 6 50 50
1688_0050_0027_0041_0041.jpg 1 50 27 41 41
1689_0011_0036_0052_0052.jpg 1 11 36 52 52
1690_0006_0010_0067_0067.jpg 1 6 10 67 67
1691_0063_0014_0029_0029.jpg 1 63 14 29 29
1692_0028_0025_0052_0052.jpg 1 28 25 52 52
1693_0010_0016_0059_0059.jpg 1 10 16 59 59
1694_0037_0045_0045_0045.jpg 1 37 45 45 45
1695_0027_0025_0064_0064.jpg 1 27 25 64 64
1696_0012_0028_0044_0044.jpg 1 12 28 44 44
1697_0043_0031_0047_0047.jpg 1 43 31 47 47
1698_0018_0003_0064_0064.jpg 1 18 3 64 64
1699_0015_0018_0053_0053.jpg 1 15 18 53 53
1700_0030_0008_0048_0048.jpg 1 30 8 48 48
1701_0015_0015_0047_0047.jpg 1 15 15 47 47
1702_0006_0006_0061_0061.jpg 1 6 6 61 61
1703_0052_0009_0036_0036.jpg 1 52 9 36 36
1704_0026_0015_0067_0067.jpg 1 26 15 67 67
1705_0021_0025_0067_0067.jpg 1 21 25 67 67
1706_0037_0025_0037_0037.jpg 1 37 25 37 37
1707_0013_0052_0028_0028.jpg 1 13 52 28 28
1708_0022_0033_0026_0026.jpg 1 22 33 26 26
1709_0044_0061_0030_0030.jpg 1 44 61 30 30
1710_0057_0051_0033_0033.jpg 1 57 51 33 33
1711_0029_0034_0061_0061.jpg 1 29 34 61 61
1712_0034_0059_0032_0032.jpg 1 34 59 32 32
1713_0033_0018_0050_0050.jpg 1 33 18 50 50
1714_0021_0025_0032_0032.jpg 1 21 25 32 32
1715_0015_0025_0053_0053.jpg 1 15 25 53 53
1716_0007_0003_0066_0066.jpg 1 7 3 66 66
1717_0066_0048_0026_0026.jpg 1 66 48 26 26
1718_0008_0023_0054_0054.jpg 1 8 23 54 54
1719_0037_0007_0057_0057.jpg 1 37 7 57 57
1720_0013_0011_0067_0067.jpg 1 13 11 67 67
1721_0005_0028_0052_0052.jpg 1 5 28 52 52
1722_0014_0035_0027_0027.jpg 1 14 35 27 27
1723_0038_0042_0025_0025.jpg 1 38 42 25 25
1724_0007_0026_0036_0036.jpg 1 7 26 36 36
1725_0055_0056_0027_0027.jpg 1 55 56 27 27
1726_0024_0054_0030_0030.jpg 1 24 54 30 30
1727_0019_0025_0063_0063.jpg 1 19 25 63 63
1728_0007_0016_0035_0035.jpg 1 7 16 35 35
1729_0004_0010_0067_0067.jpg 1 4 10 67 67
1730_0013_0061_0024_0024.jpg 1 13 61 24 24
1731_0007_0010_0054_0054.jpg 1 7 10 54 54
1732_0014_0027_0051_0051.jpg 1 14 27 51 51
1733_0014_0011_0059_0059.jpg 1 14 11 59 59
1734_0041_0056_0032_0032.jpg 1 41 56 32 32
1735_0040_0034_0046_0046.jpg 1 40 34 46 46
1736_0030_0017_0040_0040.jpg 1 30 17 40 40
1737_0046_0061_0028_0028.jpg 1 46 61 28 28
1738_0024_0017_0067_0067.jpg 1 24 17 67 67
1739_0012_0015_0066_0066.jpg 1 12 15 66 66
1740_0017_0017_0058_0058.jpg 1 17 17 58 58
1741_0013_0004_0067_0067.jpg 1 13 4 67 67
1742_0038_0036_0039_0039.jpg 1 38 36 39 39
1743_0023_0005_0053_0053.jpg 1 23 5 53 53
1744_0017_0044_0032_0032.jpg 1 17 44 32 32
1745_0027_0039_0051_0051.jpg 1 27 39 51 51
1746_0021_0033_0048_0048.jpg 1 21 33 48 48
1747_0052_0010_0025_0025.jpg 1 52 10 25 25
1748_0046_0023_0040_0040.jpg 1 46 23 40 40
1749_0028_0014_0055_0055.jpg 1 28 14 55 55
1750_0022_0042_0031_0031.jpg 1 22 42 31 31
1751_0013_0020_0062_0062.jpg 1 13 20 62 62
1752_0040_0033_0038_0038.jpg 1 40 33 38 38
1753_0039_0047_0024_0024.jpg 1 39 47 24 24
1754_0041_0019_0051_0051.jpg 1 41 19 51 51
1755_0022_0027_0046_0046.jpg 1 22 27 46 46
1756_0054_0057_0036_0036.jpg 1 54 57 36 36
1757_0017_0008_0055_0055.jpg 1 17 8 55 55
1758_0013_0036_0048_0048.jpg 1 13 36 48 48
1759_0047_0056_0030_0030.jpg 1 47 56 30 30
1760_0016_0042_0043_0043.jpg 1 16 42 43 43
1761_0008_0022_0036_0036.jpg 1 8 22 36 36
1762_0005_0006_0049_0049.jpg 1 5 6 49 49
1763_0012_0018_0043_0043.jpg 1 12 18 43 43
1764_0014_0014_0052_0052.jpg 1 14 14 52 52
1765_0050_0029_0041_0041.jpg 1 50 29 41 41
1766_0007_0028_0032_0032.jpg 1 7 28 32 32
1767_0033_0014_0028_0028.jpg 1 33 14 28 28
1768_0008_0022_0062_0062.jpg 1 8 22 62 62
1769_0041_0028_0050_0050.jpg 1 41 28 50 50
1770_0016_0031_0055_0055.jpg 1 16 31 55 55
1771_0044_0024_0043_0043.jpg 1 44 24 43 43
1772_0007_0047_0035_0035.jpg 1 7 47 35 35
1773_0048_0009_0034_0034.jpg 1 48 9 34 34
1774_0017_0021_0069_0069.jpg 1 17 21 69 69
1775_0045_0057_0029_0029.jpg 1 45 57 29 29
1776_0036_0021_0058_0058.jpg 1 36 21 58 58
1777_0008_0021_0066_0066.jpg 1 8 21 66 66
1778_0038_0061_0031_0031.jpg 1 38 61 31 31
1779_0013_0006_0064_0064.jpg 1 13 6 64 64
1780_0016_0026_0068_0068.jpg 1 16 26 68 68
1781_0040_0052_0025_0025.jpg 1 40 52 25 25
1782_0022_0009_0061_0061.jpg 1 22 9 61 61
1783_0046_0039_0028_0028.jpg 1 46 39 28 28
1784_0031_0026_0041_0041.jpg 1 31 26 41 41
1785_0034_0007_0033_0033.jpg 1 34 7 33 33
1786_0026_0016_0050_0050.jpg 1 26 16 50 50
1787_0026_0013_0062_0062.jpg 1 26 13 62 62
1788_0022_0026_0059_0059.jpg 1 22 26 59 59
1789_0010_0061_0024_0024.jpg 1 10 61 24 24
1790_0040_0010_0042_0042.jpg 1 40 10 42 42
1791_0016_0023_0065_0065.jpg 1 16 23 65 65
1792_0040_0050_0037_0037.jpg 1 40 50 37 37
1793_0035_0020_0038_0038.jpg 1 35 20 38 38
1794_0018_0022_0049_0049.jpg 1 18 22 49 49
1795_0010_0039_0044_0044.jpg 1 10 39 44 44
1796_0033_0023_0058_0058.jpg 1 33 23 58 58
1797_0014_0028_0031_0031.jpg 1 14 28 31 31
1798_0019_0017_0068_0068.jpg 1 19 17 68 68
1799_0021_0015_0063_0063.jpg 1 21 15 63 63
1800_0034_0028_0053_0053.jpg 1 34 28 53 53
1801_0011_0041_0054_0054.jpg 1 11 41 54 54
1802_0008_0041_0029_0029.jpg 1 8 41 29 29
1803_0047_0021_0044_0044.jpg 1 47 21 44 44
1804_0034_0007_0033_0033.jpg 1 34 7 33 33
1805_0052_0030_0038_0038.jpg 1 52 30 38 38
1806_0046_0054_0033_0033.jpg 1 46 54 33 33
1807_0015_0025_0054_0054.jpg 1 15 25 54 54
1808_0018_0053_0037_0037.jpg 1 18 53 37 37
1809_0040_0058_0033_0033.jpg 1 40 58 33 33
1810_0051_0053_0040_0040.jpg 1 51 53 40 40
1811_0020_0007_0052_0052.jpg 1 20 7 52 52
1812_0045_0052_0035_0035.jpg 1 45 52 35 35
1813_0020_0009_0064_0064.jpg 1 20 9 64 64
1814_0034_0025_0041_0041.jpg 1 34 25 41 41
1815_0024_0008_0052_0052.jpg 1 24 8 52 52
1816_0027_0038_0048_0048.jpg 1 27 38 48 48
1817_0025_0035_0050_0050.jpg 1 25 35 50 50
1818_0036_0031_0042_0042.jpg 1 36 31 42 42
1819_0045_0022_0044_0044.jpg 1 45 22 44 44
1820_0030_0036_0059_0059.jpg 1 30 36 59 59
1821_0016_0045_0045_0045.jpg 1 16 45 45 45
1822_0045_0011_0036_0036.jpg 1 45 11 36 36
1823_0029_0021_0050_0050.jpg 1 29 21 50 50
1824_0045_0012_0033_0033.jpg 1 45 12 33 33
1825_0023_0012_0032_0032.jpg 1 23 12 32 32
1826_0020_0009_0047_0047.jpg 1 20 9 47 47
1827_0033_0017_0033_0033.jpg 1 33 17 33 33
1828_0054_0017_0036_0036.jpg 1 54 17 36 36
1829_0020_0014_0063_0063.jpg 1 20 14 63 63
1830_0024_0026_0038_0038.jpg 1 24 26 38 38
1831_0024_0017_0069_0069.jpg 1 24 17 69 69
1832_0010_0011_0024_0024.jpg 1 10 11 24 24
1833_0015_0029_0042_0042.jpg 1 15 29 42 42
1834_0058_0012_0034_0034.jpg 1 58 12 34 34
1835_0012_0041_0051_0051.jpg 1 12 41 51 51
1836_0043_0013_0029_0029.jpg 1 43 13 29 29
1837_0016_0010_0064_0064.jpg 1 16 10 64 64
1838_0033_0033_0060_0060.jpg 1 33 33 60 60
1839_0023_0009_0061_0061.jpg 1 23 9 61 61
1840_0030_0009_0064_0064.jpg 1 30 9 64 64
1841_0036_0024_0033_0033.jpg 1 36 24 33 33
1842_0032_0016_0060_0060.jpg 1 32 16 60 60
1843_0024_0016_0066_0066.jpg 1 24 16 66 66
1844_0019_0024_0066_0066.jpg 1 19 24 66 66
1845_0021_0037_0040_0040.jpg 1 21 37 40 40
1846_0009_0035_0057_0057.jpg 1 9 35 57 57
1847_0050_0060_0031_0031.jpg 1 50 60 31 31
1848_0006_0023_0051_0051.jpg 1 6 23 51 51
1849_0019_0036_0051_0051.jpg 1 19 36 51 51
1850_0021_0024_0040_0040.jpg 1 21 24 40 40
1851_0043_0032_0031_0031.jpg 1 43 32 31 31
1852_0008_0025_0031_0031.jpg 1 8 25 31 31
1853_0033_0008_0046_0046.jpg 1 33 8 46 46
1854_0020_0041_0045_0045.jpg 1 20 41 45 45
1855_0016_0009_0067_0067.jpg 1 16 9 67 67
1856_0042_0015_0040_0040.jpg 1 42 15 40 40
1857_0006_0019_0051_0051.jpg 1 6 19 51 51
1858_0032_0028_0036_0036.jpg 1 32 28 36 36
1859_0008_0018_0068_0068.jpg 1 8 18 68 68
1860_0025_0053_0032_0032.jpg 1 25 53 32 32
1861_0007_0029_0057_0057.jpg 1 7 29 57 57
1862_0007_0025_0060_0060.jpg 1 7 25 60 60
1863_0004_0008_0066_0066.jpg 1 4 8 66 66
1864_0038_0008_0055_0055.jpg 1 38 8 55 55
1865_0023_0017_0043_0043.jpg 1 23 17 43 43
1866_0028_0037_0050_0050.jpg 1 28 37 50 50
1867_0034_0026_0059_0059.jpg 1 34 26 59 59
1868_0037_0033_0057_0057.jpg 1 37 33 57 57
1869_0007_0021_0044_0044.jpg 1 7 21 44 44
1870_0039_0057_0030_0030.jpg 1 39 57 30 30
1871_0032_0008_0050_0050.jpg 1 32 8 50 50
1872_0022_0025_0052_0052.jpg 1 22 25 52 52
1873_0017_0009_0065_0065.jpg 1 17 9 65 65
1874_0054_0056_0033_0033.jpg 1 54 56 33 33
1875_0023_0050_0026_0026.jpg 1 23 50 26 26
1876_0013_0017_0043_0043.jpg 1 13 17 43 43
1877_0026_0019_0025_0025.jpg 1 26 19 25 25
1878_0021_0039_0032_0032.jpg 1 21 39 32 32
1879_0027_0059_0030_0030.jpg 1 27 59 30 30
1880_0021_0039_0047_0047.jpg 1 21 39 47 47
1881_0012_0033_0060_0060.jpg 1 12 33 60 60
1882_0050_0025_0044_0044.jpg 1 50 25 44 44
1883_0021_0006_0053_0053.jpg 1 21 6 53 53
1884_0034_0027_0050_0050.jpg 1 34 27 50 50
1885_0015_0029_0063_0063.jpg 1 15 29 63 63
1886_0011_0020_0046_0046.jpg 1 11 20 46 46
1887_0023_0030_0024_0024.jpg 1 23 30 24 24
1888_0013_0012_0045_0045.jpg 1 13 12 45 45
1889_0017_0044_0031_0031.jpg 1 17 44 31 31
1890_0006_0016_0067_0067.jpg 1 6 16 67 67
1891_0028_0041_0041_0041.jpg 1 28 41 41 41
1892_0030_0051_0040_0040.jpg 1 30 51 40 40
1893_0010_0021_0058_0058.jpg 1 10 21 58 58
1894_0018_0050_0033_0033.jpg 1 18 50 33 33
1895_0010_0024_0025_0025.jpg 1 10 24 25 25
1896_0017_0018_0045_0045.jpg 1 17 18 45 45
1897_0007_0040_0031_0031.jpg 1 7 40 31 31
1898_0041_0011_0034_0034.jpg 1 41 11 34 34
1899_0020_0033_0048_0048.jpg 1 20 33 48 48
1900_0011_0019_0066_0066.jpg 1 11 19 66 66
1901_0045_0018_0027_0027.jpg 1 45 18 27 27
1902_0045_0019_0026_0026.jpg 1 45 19 26 26
1903_0026_0007_0067_0067.jpg 1 26 7 67 67
1904_0048_0021_0045_0045.jpg 1 48 21 45 45
1905_0035_0015_0044_0044.jpg 1 35 15 44 44
1906_0043_0026_0034_0034.jpg 1 43 26 34 34
1907_0007_0015_0060_0060.jpg 1 7 15 60 60
1908_0034_0049_0026_0026.jpg 1 34 49 26 26
1909_0017_0034_0056_0056.jpg 1 17 34 56 56
1910_0032_0042_0042_0042.jpg 1 32 42 42 42
1911_0016_0054_0032_0032.jpg 1 16 54 32 32
1912_0025_0018_0063_0063.jpg 1 25 18 63 63
1913_0009_0015_0067_0067.jpg 1 9 15 67 67
1914_0008_0011_0058_0058.jpg 1 8 11 58 58
1915_0025_0037_0050_0050.jpg 1 25 37 50 50
1916_0010_0057_0030_0030.jpg 1 10 57 30 30
1917_0042_0036_0046_0046.jpg 1 42 36 46 46
1918_0028_0034_0059_0059.jpg 1 28 34 59 59
1919_0009_0030_0062_0062.jpg 1 9 30 62 62
1920_0034_0005_0059_0059.jpg 1 34 5 59 59
1921_0006_0030_0050_0050.jpg 1 6 30 50 50
1922_0008_0007_0063_0063.jpg 1 8 7 63 63
1923_0043_0038_0046_0046.jpg 1 43 38 46 46
1924_0005_0009_0061_0061.jpg 1 5 9 61 61
1925_0049_0034_0030_0030.jpg 1 49 34 30 30
1926_0013_0023_0037_0037.jpg 1 13 23 37 37
1927_0017_0036_0039_0039.jpg 1 17 36 39 39
1928_0038_0022_0054_0054.jpg 1 38 22 54 54
1929_0014_0019_0044_0044.jpg 1 14 19 44 44
1930_0006_0006_0055_0055.jpg 1 6 6 55 55
1931_0006_0044_0045_0045.jpg 1 6 44 45 45
1932_0027_0045_0026_0026.jpg 1 27 45 26 26
1933_0044_0019_0033_0033.jpg 1 44 19 33 33
1934_0027_0016_0066_0066.jpg 1 27 16 66 66
1935_0050_0045_0029_0029.jpg 1 50 45 29 29
1936_0020_0018_0064_0064.jpg 1 20 18 64 64
1937_0009_0032_0025_0025.jpg 1 9 32 25 25
1938_0029_0013_0064_0064.jpg 1 29 13 64 64
1939_0024_0045_0025_0025.jpg 1 24 45 25 25
1940_0007_0036_0038_0038.jpg 1 7 36 38 38
1941_0009_0009_0047_0047.jpg 1 9 9 47 47
1942_0019_0045_0045_0045.jpg 1 19 45 45 45
1943_0025_0026_0054_0054.jpg 1 25 26 54 54
1944_0028_0054_0025_0025.jpg 1 28 54 25 25
1945_0024_0012_0068_0068.jpg 1 24 12 68 68
1946_0034_0015_0060_0060.jpg 1 34 15 60 60
1947_0025_0008_0063_0063.jpg 1 25 8 63 63
1948_0028_0012_0066_0066.jpg 1 28 12 66 66
1949_0028_0027_0055_0055.jpg 1 28 27 55 55
1950_0044_0051_0034_0034.jpg 1 44 51 34 34
